#
# There is insufficient memory for the Java Runtime Environment to continue.
# Native memory allocation (mmap) failed to map 65536 bytes. Error detail: Failed to commit metaspace.
# Possible reasons:
#   The system is out of physical RAM or swap space
#   This process is running with CompressedOops enabled, and the Java Heap may be blocking the growth of the native heap
# Possible solutions:
#   Reduce memory load on the system
#   Increase physical memory or swap space
#   Check if swap backing store is full
#   Decrease Java heap size (-Xmx/-Xms)
#   Decrease number of Java threads
#   Decrease Java thread stack sizes (-Xss)
#   Set larger code cache with -XX:ReservedCodeCacheSize=
#   JVM is running with Unscaled Compressed Oops mode in which the Java heap is
#     placed in the first 4GB address space. The Java Heap base address is the
#     maximum limit for the native heap growth. Please use -XX:HeapBaseMinAddress
#     to set the Java Heap base and to place the Java Heap above 4GB virtual address.
# This output file may be truncated or incomplete.
#
#  Out of Memory Error (virtualSpaceNode.cpp:110), pid=3660, tid=3636
#
# JRE version: OpenJDK Runtime Environment Temurin-17.0.12+7 (17.0.12+7) (build 17.0.12+7)
# Java VM: OpenJDK 64-Bit Server VM Temurin-17.0.12+7 (17.0.12+7, mixed mode, tiered, compressed oops, compressed class ptrs, parallel gc, windows-amd64)
# No core dump will be written. Minidumps are not enabled by default on client versions of Windows
#

---------------  S U M M A R Y ------------

Command Line: --add-modules=ALL-SYSTEM --add-opens=java.base/java.util=ALL-UNNAMED --add-opens=java.base/java.lang=ALL-UNNAMED --add-opens=java.base/sun.nio.fs=ALL-UNNAMED -Declipse.application=org.eclipse.jdt.ls.core.id1 -Dosgi.bundles.defaultStartLevel=4 -Declipse.product=org.eclipse.jdt.ls.core.product -Djava.import.generatesMetadataFilesAtProjectRoot=false -DDetectVMInstallationsJob.disabled=true -Dfile.encoding=utf8 -XX:+UseParallelGC -XX:GCTimeRatio=4 -XX:AdaptiveSizePolicyWeight=90 -Dsun.zip.disableMemoryMapping=true -Xmx1G -Xms100m -Xlog:disable -javaagent:c:\Users\Infinity Gadgets\.vscode\extensions\redhat.java-1.35.1-win32-x64\lombok\lombok-1.18.33.jar -XX:+HeapDumpOnOutOfMemoryError -XX:HeapDumpPath=c:\Users\Infinity Gadgets\AppData\Roaming\Code\User\workspaceStorage\0724a7769be9d1b50e32a88c328175df\redhat.java -Daether.dependencyCollector.impl=bf c:\Users\Infinity Gadgets\.vscode\extensions\redhat.java-1.35.1-win32-x64\server\plugins\org.eclipse.equinox.launcher_1.6.900.v20240613-2009.jar -configuration c:\Users\Infinity Gadgets\AppData\Roaming\Code\User\globalStorage\redhat.java\1.35.1\config_win -data c:\Users\Infinity Gadgets\AppData\Roaming\Code\User\workspaceStorage\0724a7769be9d1b50e32a88c328175df\redhat.java\jdt_ws --pipe=\\.\pipe\lsp-ea8673d9e6e1a8a22d142e0a8bd6cfde-sock

Host: AMD Ryzen 5 5600G with Radeon Graphics         , 12 cores, 15G,  Windows 11 , 64 bit Build 22621 (10.0.22621.3958)
Time: Wed Oct  9 16:01:09 2024 India Standard Time elapsed time: 1.701762 seconds (0d 0h 0m 1s)

---------------  T H R E A D  ---------------

Current thread (0x0000019c84ef7030):  JavaThread "Start Level: Equinox Container: 575c771c-ec17-400c-9823-ca9dc606257a" daemon [_thread_in_vm, id=3636, stack(0x00000092e1600000,0x00000092e1700000)]

Stack: [0x00000092e1600000,0x00000092e1700000]
Native frames: (J=compiled Java code, j=interpreted, Vv=VM code, C=native code)
V  [jvm.dll+0x67f929]
V  [jvm.dll+0x8371ba]
V  [jvm.dll+0x838c7e]
V  [jvm.dll+0x8392e3]
V  [jvm.dll+0x24834f]
V  [jvm.dll+0x832e6d]
V  [jvm.dll+0x623e9e]
V  [jvm.dll+0x1c1e3b]
V  [jvm.dll+0x6267ed]
V  [jvm.dll+0x624846]
V  [jvm.dll+0x36f772]
V  [jvm.dll+0x1e3b1b]
V  [jvm.dll+0x5446b7]
V  [jvm.dll+0x7b1158]
V  [jvm.dll+0x7b1244]
V  [jvm.dll+0x4117c5]
V  [jvm.dll+0x417949]
C  [java.dll+0x17ec]

Java frames: (J=compiled Java code, j=interpreted, Vv=VM code)
J 1067  java.lang.ClassLoader.defineClass1(Ljava/lang/ClassLoader;Ljava/lang/String;[BIILjava/security/ProtectionDomain;Ljava/lang/String;)Ljava/lang/Class; java.base@17.0.12 (0 bytes) @ 0x0000019cf45ba25b [0x0000019cf45ba1a0+0x00000000000000bb]
J 1599 c1 java.lang.ClassLoader.defineClass(Ljava/lang/String;[BIILjava/security/ProtectionDomain;)Ljava/lang/Class; java.base@17.0.12 (43 bytes) @ 0x0000019cecd6a1d4 [0x0000019cecd69e80+0x0000000000000354]
J 1542 c1 java.security.SecureClassLoader.defineClass(Ljava/lang/String;[BIILjava/security/CodeSource;)Ljava/lang/Class; java.base@17.0.12 (16 bytes) @ 0x0000019cecd5160c [0x0000019cecd51540+0x00000000000000cc]
J 1341 c1 java.net.URLClassLoader.defineClass(Ljava/lang/String;Ljdk/internal/loader/Resource;)Ljava/lang/Class; java.base@17.0.12 (225 bytes) @ 0x0000019ceccce784 [0x0000019ceccccd40+0x0000000000001a44]
J 1536 c1 java.net.URLClassLoader$1.run()Ljava/lang/Class; java.base@17.0.12 (81 bytes) @ 0x0000019cecd4e664 [0x0000019cecd4da20+0x0000000000000c44]
J 1335 c1 java.net.URLClassLoader$1.run()Ljava/lang/Object; java.base@17.0.12 (5 bytes) @ 0x0000019cecccb644 [0x0000019cecccb5c0+0x0000000000000084]
J 1330 c1 java.security.AccessController.doPrivileged(Ljava/security/PrivilegedExceptionAction;Ljava/security/AccessControlContext;)Ljava/lang/Object; java.base@17.0.12 (26 bytes) @ 0x0000019ceccc9bf4 [0x0000019ceccc9a20+0x00000000000001d4]
J 1333 c1 java.net.URLClassLoader.findClass(Ljava/lang/String;)Ljava/lang/Class; java.base@17.0.12 (47 bytes) @ 0x0000019ceccca96c [0x0000019ceccca800+0x000000000000016c]
J 1061 c1 java.lang.ClassLoader.loadClass(Ljava/lang/String;Z)Ljava/lang/Class; java.base@17.0.12 (121 bytes) @ 0x0000019cecc5125c [0x0000019cecc50cc0+0x000000000000059c]
J 772 c1 java.lang.ClassLoader.loadClass(Ljava/lang/String;)Ljava/lang/Class; java.base@17.0.12 (7 bytes) @ 0x0000019cecbc8abc [0x0000019cecbc89c0+0x00000000000000fc]
j  org.eclipse.osgi.internal.loader.SystemBundleLoader.findLocalClass(Ljava/lang/String;)Ljava/lang/Class;+5
j  org.eclipse.osgi.internal.loader.sources.SingleSourcePackage.loadClass(Ljava/lang/String;)Ljava/lang/Class;+5
J 2107 c1 org.eclipse.osgi.internal.loader.BundleLoader.findClass0(Ljava/lang/String;ZZ)Ljava/lang/Class; (470 bytes) @ 0x0000019cece50f2c [0x0000019cece4f620+0x000000000000190c]
J 2106 c1 org.eclipse.osgi.internal.loader.BundleLoader.findClass(Ljava/lang/String;)Ljava/lang/Class; (8 bytes) @ 0x0000019cece4ed1c [0x0000019cece4eca0+0x000000000000007c]
J 2108 c1 org.eclipse.osgi.internal.loader.ModuleClassLoader.loadClass(Ljava/lang/String;Z)Ljava/lang/Class; (36 bytes) @ 0x0000019cece54d3c [0x0000019cece54b20+0x000000000000021c]
J 772 c1 java.lang.ClassLoader.loadClass(Ljava/lang/String;)Ljava/lang/Class; java.base@17.0.12 (7 bytes) @ 0x0000019cecbc8abc [0x0000019cecbc89c0+0x00000000000000fc]
v  ~StubRoutines::call_stub
J 1067  java.lang.ClassLoader.defineClass1(Ljava/lang/ClassLoader;Ljava/lang/String;[BIILjava/security/ProtectionDomain;Ljava/lang/String;)Ljava/lang/Class; java.base@17.0.12 (0 bytes) @ 0x0000019cf45ba25b [0x0000019cf45ba1a0+0x00000000000000bb]
J 1599 c1 java.lang.ClassLoader.defineClass(Ljava/lang/String;[BIILjava/security/ProtectionDomain;)Ljava/lang/Class; java.base@17.0.12 (43 bytes) @ 0x0000019cecd6a1d4 [0x0000019cecd69e80+0x0000000000000354]
j  org.eclipse.osgi.internal.loader.ModuleClassLoader.defineClass(Ljava/lang/String;[BLorg/eclipse/osgi/internal/loader/classpath/ClasspathEntry;)Lorg/eclipse/osgi/internal/loader/ModuleClassLoader$DefineClassResult;+42
j  org.eclipse.osgi.internal.loader.classpath.ClasspathManager.defineClass(Ljava/lang/String;[BLorg/eclipse/osgi/internal/loader/classpath/ClasspathEntry;Lorg/eclipse/osgi/storage/bundlefile/BundleEntry;Ljava/util/List;)Ljava/lang/Class;+424
j  org.eclipse.osgi.internal.loader.classpath.ClasspathManager.findClassImpl(Ljava/lang/String;Lorg/eclipse/osgi/internal/loader/classpath/ClasspathEntry;Ljava/util/List;)Ljava/lang/Class;+269
J 2232 c1 org.eclipse.osgi.internal.loader.classpath.ClasspathManager.findLocalClassImpl(Ljava/lang/String;[Lorg/eclipse/osgi/internal/loader/classpath/ClasspathEntry;Ljava/util/List;)Ljava/lang/Class; (55 bytes) @ 0x0000019cecead04c [0x0000019ceceacec0+0x000000000000018c]
j  org.eclipse.osgi.internal.loader.classpath.ClasspathManager.findLocalClassImpl(Ljava/lang/String;Ljava/util/List;)Ljava/lang/Class;+69
J 2231 c1 org.eclipse.osgi.internal.loader.classpath.ClasspathManager.findLocalClass(Ljava/lang/String;)Ljava/lang/Class; (210 bytes) @ 0x0000019ceceab63c [0x0000019ceceaa9a0+0x0000000000000c9c]
J 2229 c1 org.eclipse.osgi.internal.loader.BundleLoader.findLocalClass(Ljava/lang/String;)Ljava/lang/Class; (152 bytes) @ 0x0000019cecea8aec [0x0000019cecea82a0+0x000000000000084c]
J 2107 c1 org.eclipse.osgi.internal.loader.BundleLoader.findClass0(Ljava/lang/String;ZZ)Ljava/lang/Class; (470 bytes) @ 0x0000019cece51d04 [0x0000019cece4f620+0x00000000000026e4]
J 2106 c1 org.eclipse.osgi.internal.loader.BundleLoader.findClass(Ljava/lang/String;)Ljava/lang/Class; (8 bytes) @ 0x0000019cece4ed1c [0x0000019cece4eca0+0x000000000000007c]
J 2108 c1 org.eclipse.osgi.internal.loader.ModuleClassLoader.loadClass(Ljava/lang/String;Z)Ljava/lang/Class; (36 bytes) @ 0x0000019cece54d3c [0x0000019cece54b20+0x000000000000021c]
J 772 c1 java.lang.ClassLoader.loadClass(Ljava/lang/String;)Ljava/lang/Class; java.base@17.0.12 (7 bytes) @ 0x0000019cecbc8abc [0x0000019cecbc89c0+0x00000000000000fc]
v  ~StubRoutines::call_stub
j  org.eclipse.core.internal.registry.ExtensionRegistry.addContribution(Ljava/io/InputStream;Lorg/eclipse/core/runtime/IContributor;ZLjava/lang/String;Ljava/util/ResourceBundle;Ljava/lang/Object;)Z+52
j  org.eclipse.core.internal.registry.ExtensionRegistry.addContribution(Ljava/io/InputStream;Lorg/eclipse/core/runtime/IContributor;ZLjava/lang/String;Ljava/util/ResourceBundle;Ljava/lang/Object;J)Z+10
j  org.eclipse.core.internal.registry.osgi.EclipseBundleListener.addBundle(Lorg/osgi/framework/Bundle;Z)V+127
j  org.eclipse.core.internal.registry.osgi.EclipseBundleListener.processBundles([Lorg/osgi/framework/Bundle;)V+28
j  org.eclipse.core.internal.registry.osgi.RegistryStrategyOSGI.onStart(Lorg/eclipse/core/runtime/IExtensionRegistry;Z)V+62
j  org.eclipse.core.internal.registry.ExtensionRegistry.<init>(Lorg/eclipse/core/runtime/spi/RegistryStrategy;Ljava/lang/Object;Ljava/lang/Object;)V+545
j  org.eclipse.core.runtime.RegistryFactory.createRegistry(Lorg/eclipse/core/runtime/spi/RegistryStrategy;Ljava/lang/Object;Ljava/lang/Object;)Lorg/eclipse/core/runtime/IExtensionRegistry;+7
j  org.eclipse.core.internal.registry.osgi.Activator.startRegistry()V+243
j  org.eclipse.core.internal.registry.osgi.Activator.start(Lorg/osgi/framework/BundleContext;)V+15
j  org.eclipse.osgi.internal.framework.BundleContextImpl$2.run()Ljava/lang/Void;+23
j  org.eclipse.osgi.internal.framework.BundleContextImpl$2.run()Ljava/lang/Object;+1
J 883 c1 java.security.AccessController.executePrivileged(Ljava/security/PrivilegedExceptionAction;Ljava/security/AccessControlContext;Ljava/lang/Class;)Ljava/lang/Object; java.base@17.0.12 (65 bytes) @ 0x0000019cecbf73b4 [0x0000019cecbf7260+0x0000000000000154]
j  java.security.AccessController.doPrivileged(Ljava/security/PrivilegedExceptionAction;)Ljava/lang/Object;+9 java.base@17.0.12
j  org.eclipse.osgi.internal.framework.BundleContextImpl.startActivator(Lorg/osgi/framework/BundleActivator;)V+9
j  org.eclipse.osgi.internal.framework.BundleContextImpl.start()V+134
j  org.eclipse.osgi.internal.framework.EquinoxBundle.startWorker0()V+35
j  org.eclipse.osgi.internal.framework.EquinoxBundle$EquinoxModule.startWorker()V+4
j  org.eclipse.osgi.container.Module.doStart([Lorg/eclipse/osgi/container/Module$StartOptions;)Lorg/eclipse/osgi/container/ModuleContainerAdaptor$ModuleEvent;+190
j  org.eclipse.osgi.container.Module.start([Lorg/eclipse/osgi/container/Module$StartOptions;)V+460
j  org.eclipse.osgi.framework.util.SecureAction.start(Lorg/eclipse/osgi/container/Module;[Lorg/eclipse/osgi/container/Module$StartOptions;)V+8
j  org.eclipse.osgi.internal.hooks.EclipseLazyStarter.postFindLocalClass(Ljava/lang/String;Ljava/lang/Class;Lorg/eclipse/osgi/internal/loader/classpath/ClasspathManager;)V+173
j  org.eclipse.osgi.internal.loader.classpath.ClasspathManager.findLocalClass(Ljava/lang/String;)Ljava/lang/Class;+148
j  org.eclipse.osgi.internal.loader.ModuleClassLoader.findLocalClass(Ljava/lang/String;)Ljava/lang/Class;+5
j  org.eclipse.osgi.internal.loader.BundleLoader.findLocalClass(Ljava/lang/String;)Ljava/lang/Class;+57
j  org.eclipse.osgi.internal.loader.sources.SingleSourcePackage.loadClass(Ljava/lang/String;)Ljava/lang/Class;+5
j  org.eclipse.osgi.internal.loader.sources.MultiSourcePackage.loadClass(Ljava/lang/String;)Ljava/lang/Class;+26
J 2107 c1 org.eclipse.osgi.internal.loader.BundleLoader.findClass0(Ljava/lang/String;ZZ)Ljava/lang/Class; (470 bytes) @ 0x0000019cece51c0c [0x0000019cece4f620+0x00000000000025ec]
J 2106 c1 org.eclipse.osgi.internal.loader.BundleLoader.findClass(Ljava/lang/String;)Ljava/lang/Class; (8 bytes) @ 0x0000019cece4ed1c [0x0000019cece4eca0+0x000000000000007c]
J 2108 c1 org.eclipse.osgi.internal.loader.ModuleClassLoader.loadClass(Ljava/lang/String;Z)Ljava/lang/Class; (36 bytes) @ 0x0000019cece54d3c [0x0000019cece54b20+0x000000000000021c]
J 772 c1 java.lang.ClassLoader.loadClass(Ljava/lang/String;)Ljava/lang/Class; java.base@17.0.12 (7 bytes) @ 0x0000019cecbc8abc [0x0000019cecbc89c0+0x00000000000000fc]
v  ~StubRoutines::call_stub
j  java.lang.Class.getDeclaredConstructors0(Z)[Ljava/lang/reflect/Constructor;+0 java.base@17.0.12
j  java.lang.Class.privateGetDeclaredConstructors(Z)[Ljava/lang/reflect/Constructor;+52 java.base@17.0.12
j  java.lang.Class.getConstructors()[Ljava/lang/reflect/Constructor;+20 java.base@17.0.12
j  org.apache.felix.scr.impl.inject.internal.ComponentConstructorImpl.<init>(Lorg/apache/felix/scr/impl/metadata/ComponentMetadata;Ljava/lang/Class;Lorg/apache/felix/scr/impl/logger/ComponentLogger;)V+212
j  org.apache.felix.scr.impl.inject.internal.ComponentMethodsImpl.initComponentMethods(Lorg/apache/felix/scr/impl/metadata/ComponentMetadata;Ljava/lang/Class;Lorg/apache/felix/scr/impl/logger/ComponentLogger;)V+306
j  org.apache.felix.scr.impl.manager.AbstractComponentManager.initDependencyManagers(Lorg/apache/felix/scr/impl/manager/ComponentContextImpl;)V+76
j  org.apache.felix.scr.impl.manager.AbstractComponentManager.collectDependencies(Lorg/apache/felix/scr/impl/manager/ComponentContextImpl;)Z+2
j  org.apache.felix.scr.impl.manager.SingleComponentManager.getServiceInternal(Lorg/osgi/framework/ServiceRegistration;)Z+25
j  org.apache.felix.scr.impl.manager.AbstractComponentManager.activateInternal()V+438
j  org.apache.felix.scr.impl.manager.AbstractComponentManager.enableInternal()V+179
j  org.apache.felix.scr.impl.manager.AbstractComponentManager.enable(Z)Lorg/osgi/util/promise/Promise;+12
j  org.apache.felix.scr.impl.manager.ConfigurableComponentHolder.enableComponents(Z)Lorg/osgi/util/promise/Promise;+275
j  org.apache.felix.scr.impl.BundleComponentActivator.initialEnable()V+107
j  org.apache.felix.scr.impl.Activator.loadComponents(Lorg/osgi/framework/Bundle;)V+392
j  org.apache.felix.scr.impl.Activator.access$200(Lorg/apache/felix/scr/impl/Activator;Lorg/osgi/framework/Bundle;)V+2
j  org.apache.felix.scr.impl.Activator$ScrExtension.start()V+72
j  org.apache.felix.scr.impl.AbstractExtender.createExtension(Lorg/osgi/framework/Bundle;)V+71
j  org.apache.felix.scr.impl.AbstractExtender.modifiedBundle(Lorg/osgi/framework/Bundle;Lorg/osgi/framework/BundleEvent;Lorg/osgi/framework/Bundle;)V+115
j  org.apache.felix.scr.impl.AbstractExtender.addingBundle(Lorg/osgi/framework/Bundle;Lorg/osgi/framework/BundleEvent;)Lorg/osgi/framework/Bundle;+4
j  org.apache.felix.scr.impl.AbstractExtender.addingBundle(Lorg/osgi/framework/Bundle;Lorg/osgi/framework/BundleEvent;)Ljava/lang/Object;+3
j  org.osgi.util.tracker.BundleTracker$Tracked.customizerAdding(Lorg/osgi/framework/Bundle;Lorg/osgi/framework/BundleEvent;)Ljava/lang/Object;+9
j  org.osgi.util.tracker.BundleTracker$Tracked.customizerAdding(Ljava/lang/Object;Ljava/lang/Object;)Ljava/lang/Object;+9
j  org.osgi.util.tracker.AbstractTracked.trackAdding(Ljava/lang/Object;Ljava/lang/Object;)V+8
j  org.osgi.util.tracker.AbstractTracked.track(Ljava/lang/Object;Ljava/lang/Object;)V+83
j  org.osgi.util.tracker.BundleTracker$Tracked.bundleChanged(Lorg/osgi/framework/BundleEvent;)V+35
j  org.eclipse.osgi.internal.framework.BundleContextImpl.dispatchEvent(Ljava/lang/Object;Ljava/lang/Object;ILjava/lang/Object;)V+159
j  org.eclipse.osgi.framework.eventmgr.EventManager.dispatchEvent(Ljava/util/Set;Lorg/eclipse/osgi/framework/eventmgr/EventDispatcher;ILjava/lang/Object;)V+48
j  org.eclipse.osgi.framework.eventmgr.ListenerQueue.dispatchEventSynchronous(ILjava/lang/Object;)V+67
j  org.eclipse.osgi.internal.framework.EquinoxEventPublisher.publishBundleEventPrivileged(Lorg/osgi/framework/BundleEvent;)V+547
j  org.eclipse.osgi.internal.framework.EquinoxEventPublisher.publishBundleEvent(Lorg/osgi/framework/BundleEvent;)V+8
j  org.eclipse.osgi.internal.framework.EquinoxEventPublisher.publishBundleEvent(ILorg/osgi/framework/Bundle;Lorg/osgi/framework/Bundle;)V+15
j  org.eclipse.osgi.internal.framework.EquinoxContainerAdaptor.publishModuleEvent(Lorg/eclipse/osgi/container/ModuleContainerAdaptor$ModuleEvent;Lorg/eclipse/osgi/container/Module;Lorg/eclipse/osgi/container/Module;)V+29
j  org.eclipse.osgi.container.Module.publishEvent(Lorg/eclipse/osgi/container/ModuleContainerAdaptor$ModuleEvent;)V+13
j  org.eclipse.osgi.container.Module.start([Lorg/eclipse/osgi/container/Module$StartOptions;)V+588
j  org.eclipse.osgi.container.ModuleContainer$ContainerStartLevel$2.run()V+71
j  org.eclipse.osgi.internal.framework.EquinoxContainerAdaptor$1$1.execute(Ljava/lang/Runnable;)V+1
j  org.eclipse.osgi.container.ModuleContainer$ContainerStartLevel.incStartLevel(ILjava/util/List;Z)V+193
j  org.eclipse.osgi.container.ModuleContainer$ContainerStartLevel.incStartLevel(ILjava/util/List;Ljava/util/List;Ljava/util/List;Ljava/util/List;)V+4
j  org.eclipse.osgi.container.ModuleContainer$ContainerStartLevel.doContainerStartLevel(Lorg/eclipse/osgi/container/Module;I[Lorg/osgi/framework/FrameworkListener;)V+349
j  org.eclipse.osgi.container.ModuleContainer$ContainerStartLevel.dispatchEvent(Lorg/eclipse/osgi/container/Module;[Lorg/osgi/framework/FrameworkListener;ILjava/lang/Integer;)V+32
j  org.eclipse.osgi.container.ModuleContainer$ContainerStartLevel.dispatchEvent(Ljava/lang/Object;Ljava/lang/Object;ILjava/lang/Object;)V+15
j  org.eclipse.osgi.framework.eventmgr.EventManager.dispatchEvent(Ljava/util/Set;Lorg/eclipse/osgi/framework/eventmgr/EventDispatcher;ILjava/lang/Object;)V+48
j  org.eclipse.osgi.framework.eventmgr.EventManager$EventThread.run()V+26
v  ~StubRoutines::call_stub

Compiled method (n/a)    1718 1067     n 0       java.lang.ClassLoader::defineClass1 (native)
 total in heap  [0x0000019cf45ba010,0x0000019cf45ba468] = 1112
 relocation     [0x0000019cf45ba168,0x0000019cf45ba198] = 48
 main code      [0x0000019cf45ba1a0,0x0000019cf45ba468] = 712

[Constant Pool (empty)]

[MachCode]
[Entry Point]
  # {method} {0x0000019c8001de70} 'defineClass1' '(Ljava/lang/ClassLoader;Ljava/lang/String;[BIILjava/security/ProtectionDomain;Ljava/lang/String;)Ljava/lang/Class;' in 'java/lang/ClassLoader'
  # parm0:    rdx:rdx   = 'java/lang/ClassLoader'
  # parm1:    r8:r8     = 'java/lang/String'
  # parm2:    r9:r9     = '[B'
  # parm3:    rdi       = int
  # parm4:    rsi       = int
  # parm5:    rcx:rcx   = 'java/security/ProtectionDomain'
  # parm6:    [sp+0xa0]   = 'java/lang/String'  (sp of caller)
  0x0000019cf45ba1a0: 448b 5208 | 49c1 e203 | 493b c20f | 8407 0000 

  0x0000019cf45ba1b0: ;   {runtime_call ic_miss_stub}
  0x0000019cf45ba1b0: 00e9 ca6b | a4ff 6690 
[Verified Entry Point]
  0x0000019cf45ba1b8: 8984 2400 | 90ff ff55 | 488b ec48 | 81ec 9000 | 0000 4881 | 7d10 0000 | 0000 488d | 4510 480f 
  0x0000019cf45ba1d8: 4445 1048 | 8944 2440 | 4889 4c24 | 7048 83f9 | 0048 8d44 | 2470 480f | 4444 2470 | 4889 4424 
  0x0000019cf45ba1f8: 3848 8974 | 2430 4889 | 7c24 284c | 894c 2458 | 4983 f900 | 488d 4424 | 5848 0f44 | 4424 5848 
  0x0000019cf45ba218: 8944 2420 | 4c89 4424 | 5049 83f8 | 004c 8d4c | 2450 4c0f | 444c 2450 | 4889 5424 | 4848 83fa 
  0x0000019cf45ba238: 004c 8d44 | 2448 4c0f | 4444 2448 

  0x0000019cf45ba244: ;   {oop(a 'java/lang/Class'{0x00000000c0000ea8} = 'java/lang/ClassLoader')}
  0x0000019cf45ba244: 49be a80e | 00c0 0000 | 0000 4c89 | 7424 784c | 8d74 2478 | 498b d6c5 

  0x0000019cf45ba25c: ;   {internal_word}
  0x0000019cf45ba25c: f877 49ba | 5ba2 5bf4 | 9c01 0000 | 4d89 97a0 | 0200 0049 | 89a7 9802 

  0x0000019cf45ba274: ;   {external_word}
  0x0000019cf45ba274: 0000 49ba | cfb5 22ad | f97f 0000 | 4180 3a00 | 0f84 5200 | 0000 5241 

  0x0000019cf45ba28c: ;   {metadata({method} {0x0000019c8001de70} 'defineClass1' '(Ljava/lang/ClassLoader;Ljava/lang/String;[BIILjava/security/ProtectionDomain;Ljava/lang/String;)Ljava/lang/Class;' in 'java/lang/ClassLoader')}
  0x0000019cf45ba28c: 5041 5148 | ba68 de01 | 809c 0100 | 0049 8bcf | 4883 ec20 | f7c4 0f00 | 0000 0f84 | 1a00 0000 
  0x0000019cf45ba2ac: 4883 ec08 

  0x0000019cf45ba2b0: ;   {runtime_call}
  0x0000019cf45ba2b0: 49ba 904c | d8ac f97f | 0000 41ff | d248 83c4 | 08e9 0d00 

  0x0000019cf45ba2c4: ;   {runtime_call}
  0x0000019cf45ba2c4: 0000 49ba | 904c d8ac | f97f 0000 | 41ff d248 | 83c4 2041 | 5941 585a | 498d 8fb8 | 0200 0041 
  0x0000019cf45ba2e4: c787 4803 | 0000 0400 

  0x0000019cf45ba2ec: ;   {runtime_call}
  0x0000019cf45ba2ec: 0000 49ba | ac16 5013 | fa7f 0000 | 41ff d2c5 | f877 41c7 | 8748 0300 | 0005 0000 | 00f0 8344 
  0x0000019cf45ba30c: 24c0 0049 | 3baf 5003 | 0000 0f87 | 1100 0000 | 4181 bf38 | 0300 0000 | 0000 000f | 842c 0000 
  0x0000019cf45ba32c: 00c5 f877 | 4889 45f8 | 498b cf4c | 8be4 4883 | ec20 4883 

  0x0000019cf45ba340: ;   {runtime_call}
  0x0000019cf45ba340: e4f0 49ba | 906a e8ac | f97f 0000 | 41ff d249 | 8be4 4d33 | e448 8b45 | f841 c787 | 4803 0000 
  0x0000019cf45ba360: 0800 0000 | 4181 bfb8 | 0300 0002 | 0000 000f | 84c5 0000 

  0x0000019cf45ba374: ;   {external_word}
  0x0000019cf45ba374: 0049 bacf | b522 adf9 | 7f00 0041 | 803a 000f | 8450 0000 | 0048 8945 

  0x0000019cf45ba38c: ;   {metadata({method} {0x0000019c8001de70} 'defineClass1' '(Ljava/lang/ClassLoader;Ljava/lang/String;[BIILjava/security/ProtectionDomain;Ljava/lang/String;)Ljava/lang/Class;' in 'java/lang/ClassLoader')}
  0x0000019cf45ba38c: f848 ba68 | de01 809c | 0100 0049 | 8bcf 4883 | ec20 f7c4 | 0f00 0000 | 0f84 1a00 | 0000 4883 
  0x0000019cf45ba3ac: ;   {runtime_call}
  0x0000019cf45ba3ac: ec08 49ba | 904c d8ac | f97f 0000 | 41ff d248 | 83c4 08e9 | 0d00 0000 

  0x0000019cf45ba3c4: ;   {runtime_call}
  0x0000019cf45ba3c4: 49ba 904c | d8ac f97f | 0000 41ff | d248 83c4 | 2048 8b45 | f849 c787 | 9802 0000 | 0000 0000 
  0x0000019cf45ba3e4: 49c7 87a0 | 0200 0000 | 0000 00c5 | f877 4885 | c00f 8419 | 0000 0048 | f7c0 0100 | 0000 0f84 
  0x0000019cf45ba404: 0900 0000 | 488b 40ff | e903 0000 | 0048 8b00 | 498b 8fd8 | 0000 00c7 | 8100 0100 | 0000 0000 
  0x0000019cf45ba424: 00c9 4981 | 7f08 0000 | 0000 0f85 | 0100 0000 

  0x0000019cf45ba434: ;   {runtime_call StubRoutines (1)}
  0x0000019cf45ba434: c3e9 c66a | 9fff c5f8 | 7748 8945 | f84c 8be4 | 4883 ec20 | 4883 e4f0 

  0x0000019cf45ba44c: ;   {runtime_call}
  0x0000019cf45ba44c: 49ba 107d | d8ac f97f | 0000 41ff | d249 8be4 | 4d33 e448 | 8b45 f8e9 | 0dff ffff 
[/MachCode]


Compiled method (c1)    1726 1599       3       java.lang.ClassLoader::defineClass (43 bytes)
 total in heap  [0x0000019cecd69c90,0x0000019cecd6a5d0] = 2368
 relocation     [0x0000019cecd69de8,0x0000019cecd69e80] = 152
 main code      [0x0000019cecd69e80,0x0000019cecd6a320] = 1184
 stub code      [0x0000019cecd6a320,0x0000019cecd6a398] = 120
 metadata       [0x0000019cecd6a398,0x0000019cecd6a3c8] = 48
 scopes data    [0x0000019cecd6a3c8,0x0000019cecd6a4b8] = 240
 scopes pcs     [0x0000019cecd6a4b8,0x0000019cecd6a598] = 224
 dependencies   [0x0000019cecd6a598,0x0000019cecd6a5a8] = 16
 nul chk table  [0x0000019cecd6a5a8,0x0000019cecd6a5d0] = 40

[Constant Pool (empty)]

[MachCode]
[Entry Point]
  # {method} {0x0000019c8001dce0} 'defineClass' '(Ljava/lang/String;[BIILjava/security/ProtectionDomain;)Ljava/lang/Class;' in 'java/lang/ClassLoader'
  # this:     rdx:rdx   = 'java/lang/ClassLoader'
  # parm0:    r8:r8     = 'java/lang/String'
  # parm1:    r9:r9     = '[B'
  # parm2:    rdi       = int
  # parm3:    rsi       = int
  # parm4:    rcx:rcx   = 'java/security/ProtectionDomain'
  #           [sp+0xc0]  (sp of caller)
  0x0000019cecd69e80: 448b 5208 | 49c1 e203 

  0x0000019cecd69e88: ;   {runtime_call ic_miss_stub}
  0x0000019cecd69e88: 4c3b d00f | 85ef 6e29 | 070f 1f84 | 0000 0000 | 000f 1f80 | 0000 0000 
[Verified Entry Point]
  0x0000019cecd69ea0: 8984 2400 | 90ff ff55 | 4881 ecb0 | 0000 0048 | 8954 2478 

  0x0000019cecd69eb4: ;   {metadata(method data for {method} {0x0000019c8001dce0} 'defineClass' '(Ljava/lang/String;[BIILjava/security/ProtectionDomain;)Ljava/lang/Class;' in 'java/lang/ClassLoader')}
  0x0000019cecd69eb4: 48bb b8d7 | b180 9c01 | 0000 8b83 | cc00 0000 | 83c0 0289 | 83cc 0000 | 0081 e0fe | 0700 0083 
  0x0000019cecd69ed4: f800 0f84 | 4e03 0000 | 89b4 2494 | 0000 0089 | bc24 9000 | 0000 4c89 | 8c24 8800 | 0000 488b 
  0x0000019cecd69ef4: ;   {metadata(method data for {method} {0x0000019c8001dce0} 'defineClass' '(Ljava/lang/String;[BIILjava/security/ProtectionDomain;)Ljava/lang/Class;' in 'java/lang/ClassLoader')}
  0x0000019cecd69ef4: da48 b8b8 | d7b1 809c | 0100 0048 | 8380 1001 | 0000 0149 | 8bd8 4c8b | c34c 8bc9 | 488b ca48 
  0x0000019cecd69f14: 8bd1 4889 | 9c24 8000 

  0x0000019cecd69f1c: ;   {optimized virtual_call}
  0x0000019cecd69f1c: 0000 90e8 

  0x0000019cecd69f20: ; ImmutableOopMap {[120]=Oop [136]=Oop [128]=Oop }
                      ;*invokevirtual preDefineClass {reexecute=0 rethrow=0 return_oop=0}
                      ; - java.lang.ClassLoader::defineClass@4
  0x0000019cecd69f20: 7cee eeff | 4889 8424 | 9800 0000 | 488b 5424 

  0x0000019cecd69f30: ;   {metadata(method data for {method} {0x0000019c8001dce0} 'defineClass' '(Ljava/lang/String;[BIILjava/security/ProtectionDomain;)Ljava/lang/Class;' in 'java/lang/ClassLoader')}
  0x0000019cecd69f30: 7849 b8b8 | d7b1 809c | 0100 0049 | 8380 4801 

  0x0000019cecd69f40: ;   {metadata(method data for {method} {0x0000019c8001db68} 'defineClassSourceLocation' '(Ljava/security/ProtectionDomain;)Ljava/lang/String;' in 'java/lang/ClassLoader')}
  0x0000019cecd69f40: 0000 0149 | b8d0 deb1 | 809c 0100 | 0041 8b90 | cc00 0000 | 83c2 0241 | 8990 cc00 | 0000 81e2 
  0x0000019cecd69f60: feff 1f00 | 83fa 000f | 84de 0200 | 0048 3b00 

  0x0000019cecd69f70: ;   {metadata(method data for {method} {0x0000019c8001db68} 'defineClassSourceLocation' '(Ljava/security/ProtectionDomain;)Ljava/lang/String;' in 'java/lang/ClassLoader')}
  0x0000019cecd69f70: 4c8b c048 | bad0 deb1 | 809c 0100 | 0048 8382 | 1001 0000 | 0144 8b40 | 1049 83f8 

  0x0000019cecd69f8c: ;   {metadata(method data for {method} {0x0000019c8001db68} 'defineClassSourceLocation' '(Ljava/security/ProtectionDomain;)Ljava/lang/String;' in 'java/lang/ClassLoader')}
  0x0000019cecd69f8c: 0048 bad0 | deb1 809c | 0100 0048 | be58 0100 | 0000 0000 | 000f 850a | 0000 0048 | be48 0100 
  0x0000019cecd69fac: 0000 0000 | 0048 8b3c | 3248 8d7f | 0148 893c | 320f 850f 

  0x0000019cecd69fc0: ;   {oop(NULL)}
  0x0000019cecd69fc0: 0000 0048 | bb00 0000 | 0000 0000 | 00e9 ad01 | 0000 493b | 0049 8bd0 

  0x0000019cecd69fd8: ;   {metadata(method data for {method} {0x0000019c8001db68} 'defineClassSourceLocation' '(Ljava/security/ProtectionDomain;)Ljava/lang/String;' in 'java/lang/ClassLoader')}
  0x0000019cecd69fd8: 48be d0de | b180 9c01 | 0000 4883 | 8668 0100 | 0001 418b | 500c 4883 

  0x0000019cecd69ff0: ;   {metadata(method data for {method} {0x0000019c8001db68} 'defineClassSourceLocation' '(Ljava/security/ProtectionDomain;)Ljava/lang/String;' in 'java/lang/ClassLoader')}
  0x0000019cecd69ff0: fa00 48be | d0de b180 | 9c01 0000 | 48bf b001 | 0000 0000 | 0000 0f85 | 0a00 0000 | 48bf a001 
  0x0000019cecd6a010: 0000 0000 | 0000 488b | 1c3e 488d | 5b01 4889 | 1c3e 0f85 | 0f00 0000 

  0x0000019cecd6a028: ;   {oop(NULL)}
  0x0000019cecd6a028: 48bb 0000 | 0000 0000 | 0000 e948 

  0x0000019cecd6a034: ;   {metadata(method data for {method} {0x0000019c8001db68} 'defineClassSourceLocation' '(Ljava/security/ProtectionDomain;)Ljava/lang/String;' in 'java/lang/ClassLoader')}
  0x0000019cecd6a034: 0100 0048 | bed0 deb1 | 809c 0100 | 0048 8386 | c001 0000 | 0148 3b02 

  0x0000019cecd6a04c: ;   {metadata(method data for {method} {0x0000019c8001db68} 'defineClassSourceLocation' '(Ljava/security/ProtectionDomain;)Ljava/lang/String;' in 'java/lang/ClassLoader')}
  0x0000019cecd6a04c: 4c8b c248 | bed0 deb1 | 809c 0100 | 0048 8386 | f801 0000 

  0x0000019cecd6a060: ;   {metadata(method data for {method} {0x0000019c800ba5d0} 'toString' '()Ljava/lang/String;' in 'java/net/URL')}
  0x0000019cecd6a060: 0149 b828 | d2b1 809c | 0100 0041 | 8bb0 cc00 | 0000 83c6 | 0241 89b0 | cc00 0000 | 81e6 feff 
  0x0000019cecd6a080: 1f00 83fe | 000f 84f0 | 0100 004c 

  0x0000019cecd6a08c: ;   {metadata(method data for {method} {0x0000019c800ba5d0} 'toString' '()Ljava/lang/String;' in 'java/net/URL')}
  0x0000019cecd6a08c: 8bc2 48be | 28d2 b180 | 9c01 0000 | 4883 8610 | 0100 0001 

  0x0000019cecd6a0a0: ;   {metadata(method data for {method} {0x0000019c800ba668} 'toExternalForm' '()Ljava/lang/String;' in 'java/net/URL')}
  0x0000019cecd6a0a0: 49b8 b837 | b180 9c01 | 0000 418b | b0cc 0000 | 0083 c602 | 4189 b0cc | 0000 0081 | e6fe ff1f 
  0x0000019cecd6a0c0: 0083 fe00 | 0f84 d201 | 0000 8b72 | 3848 3b06 

  0x0000019cecd6a0d0: ;   {metadata(method data for {method} {0x0000019c800ba668} 'toExternalForm' '()Ljava/lang/String;' in 'java/net/URL')}
  0x0000019cecd6a0d0: 4c8b c648 | bfb8 37b1 | 809c 0100 | 0045 8b40 | 0849 c1e0 | 034c 3b87 | 2001 0000 | 750d 4883 
  0x0000019cecd6a0f0: 8728 0100 | 0001 e966 | 0000 004c | 3b87 3001 | 0000 750d | 4883 8738 | 0100 0001 | e950 0000 
  0x0000019cecd6a110: 0048 81bf | 2001 0000 | 0000 0000 | 7517 4c89 | 8720 0100 | 0048 c787 | 2801 0000 | 0100 0000 
  0x0000019cecd6a130: e92c 0000 | 0048 81bf | 3001 0000 | 0000 0000 | 7517 4c89 | 8730 0100 | 0048 c787 | 3801 0000 
  0x0000019cecd6a150: 0100 0000 | e908 0000 | 0048 8387 | 1001 0000 | 014c 8bc2 | 488b d666 | 0f1f 4400 | 0048 b8ff 
  0x0000019cecd6a170: ffff ffff 

  0x0000019cecd6a174: ;   {virtual_call}
  0x0000019cecd6a174: ffff ffe8 

  0x0000019cecd6a178: ; ImmutableOopMap {[120]=Oop [136]=Oop [128]=Oop [152]=Oop }
                      ;*invokevirtual toExternalForm {reexecute=0 rethrow=0 return_oop=0}
                      ; - java.net.URL::toExternalForm@5
                      ; - java.net.URL::toString@1
                      ; - java.lang.ClassLoader::defineClassSourceLocation@22
                      ; - java.lang.ClassLoader::defineClass@12
  0x0000019cecd6a178: a434 3407 | 488b d848 | 8b84 2498 | 0000 008b | b424 9400 | 0000 8bbc | 2490 0000 | 004c 8b8c 
  0x0000019cecd6a198: 2488 0000 | 004c 8b84 | 2480 0000 | 0048 8b54 

  0x0000019cecd6a1a8: ;   {metadata(method data for {method} {0x0000019c8001dce0} 'defineClass' '(Ljava/lang/String;[BIILjava/security/ProtectionDomain;)Ljava/lang/Class;' in 'java/lang/ClassLoader')}
  0x0000019cecd6a1a8: 2478 48b9 | b8d7 b180 | 9c01 0000 | 4883 8180 | 0100 0001 | 4c8b da49 | 8bd3 488b | c848 891c 
  0x0000019cecd6a1c8: 2466 0f1f 

  0x0000019cecd6a1cc: ;   {static_call}
  0x0000019cecd6a1cc: 4400 00e8 

  0x0000019cecd6a1d0: ; ImmutableOopMap {[152]=Oop [120]=Oop }
                      ;*invokestatic defineClass1 {reexecute=0 rethrow=0 return_oop=0}
                      ; - java.lang.ClassLoader::defineClass@27
  0x0000019cecd6a1d0: e4ff 8407 | 488b 5424 

  0x0000019cecd6a1d8: ;   {metadata(method data for {method} {0x0000019c8001dce0} 'defineClass' '(Ljava/lang/String;[BIILjava/security/ProtectionDomain;)Ljava/lang/Class;' in 'java/lang/ClassLoader')}
  0x0000019cecd6a1d8: 7849 b8b8 | d7b1 809c | 0100 0049 | 8380 9001 | 0000 014c | 8bc0 4c8b | 8c24 9800 | 0000 488b 
  0x0000019cecd6a1f8: 5424 7848 | 8984 24a0 | 0000 000f 

  0x0000019cecd6a204: ;   {optimized virtual_call}
  0x0000019cecd6a204: 1f40 00e8 

  0x0000019cecd6a208: ; ImmutableOopMap {[160]=Oop }
                      ;*invokevirtual postDefineClass {reexecute=0 rethrow=0 return_oop=0}
                      ; - java.lang.ClassLoader::defineClass@37
  0x0000019cecd6a208: 145d f7ff | 488b 8424 | a000 0000 | 4881 c4b0 | 0000 005d 

  0x0000019cecd6a21c: ;   {poll_return}
  0x0000019cecd6a21c: 493b a750 | 0300 000f | 8799 0000 

  0x0000019cecd6a228: ;   {metadata({method} {0x0000019c8001dce0} 'defineClass' '(Ljava/lang/String;[BIILjava/security/ProtectionDomain;)Ljava/lang/Class;' in 'java/lang/ClassLoader')}
  0x0000019cecd6a228: 00c3 49ba | d8dc 0180 | 9c01 0000 | 4c89 5424 | 0848 c704 | 24ff ffff 

  0x0000019cecd6a240: ;   {runtime_call counter_overflow Runtime1 stub}
  0x0000019cecd6a240: ffe8 3ae6 

  0x0000019cecd6a244: ; ImmutableOopMap {rdx=Oop [120]=Oop r8=Oop r9=Oop rcx=Oop }
                      ;*synchronization entry
                      ; - java.lang.ClassLoader::defineClass@-1
  0x0000019cecd6a244: 3307 e991 

  0x0000019cecd6a248: ;   {metadata({method} {0x0000019c8001db68} 'defineClassSourceLocation' '(Ljava/security/ProtectionDomain;)Ljava/lang/String;' in 'java/lang/ClassLoader')}
  0x0000019cecd6a248: fcff ff49 | ba60 db01 | 809c 0100 | 004c 8954 | 2408 48c7 | 0424 ffff 

  0x0000019cecd6a260: ;   {runtime_call counter_overflow Runtime1 stub}
  0x0000019cecd6a260: ffff e819 

  0x0000019cecd6a264: ; ImmutableOopMap {[120]=Oop [136]=Oop [128]=Oop rax=Oop [152]=Oop }
                      ;*synchronization entry
                      ; - java.lang.ClassLoader::defineClassSourceLocation@-1
                      ; - java.lang.ClassLoader::defineClass@12
  0x0000019cecd6a264: e633 07e9 | 01fd ffff 

  0x0000019cecd6a26c: ;   {runtime_call throw_null_pointer_exception Runtime1 stub}
  0x0000019cecd6a26c: e82f 8933 

  0x0000019cecd6a270: ; ImmutableOopMap {[120]=Oop [136]=Oop [128]=Oop rax=Oop [152]=Oop }
                      ;*invokevirtual getCodeSource {reexecute=0 rethrow=0 return_oop=0}
                      ; - java.lang.ClassLoader::defineClassSourceLocation@1
                      ; - java.lang.ClassLoader::defineClass@12
                      ;   {runtime_call throw_null_pointer_exception Runtime1 stub}
  0x0000019cecd6a270: 07e8 2a89 

  0x0000019cecd6a274: ; ImmutableOopMap {[120]=Oop [136]=Oop [128]=Oop rax=Oop [152]=Oop r8=Oop }
                      ;*invokevirtual getLocation {reexecute=0 rethrow=0 return_oop=0}
                      ; - java.lang.ClassLoader::defineClassSourceLocation@12
                      ; - java.lang.ClassLoader::defineClass@12
                      ;   {runtime_call throw_null_pointer_exception Runtime1 stub}
  0x0000019cecd6a274: 3307 e825 

  0x0000019cecd6a278: ; ImmutableOopMap {[120]=Oop [136]=Oop [128]=Oop [152]=Oop rdx=Oop }
                      ;*invokevirtual toString {reexecute=0 rethrow=0 return_oop=0}
                      ; - java.lang.ClassLoader::defineClassSourceLocation@22
                      ; - java.lang.ClassLoader::defineClass@12
                      ;   {metadata({method} {0x0000019c800ba5d0} 'toString' '()Ljava/lang/String;' in 'java/net/URL')}
  0x0000019cecd6a278: 8933 0749 | bac8 a50b | 809c 0100 | 004c 8954 | 2408 48c7 | 0424 ffff 

  0x0000019cecd6a290: ;   {runtime_call counter_overflow Runtime1 stub}
  0x0000019cecd6a290: ffff e8e9 

  0x0000019cecd6a294: ; ImmutableOopMap {[120]=Oop [136]=Oop [128]=Oop [152]=Oop rdx=Oop }
                      ;*synchronization entry
                      ; - java.net.URL::toString@-1
                      ; - java.lang.ClassLoader::defineClassSourceLocation@22
                      ; - java.lang.ClassLoader::defineClass@12
  0x0000019cecd6a294: e533 07e9 | effd ffff 

  0x0000019cecd6a29c: ;   {metadata({method} {0x0000019c800ba668} 'toExternalForm' '()Ljava/lang/String;' in 'java/net/URL')}
  0x0000019cecd6a29c: 49ba 60a6 | 0b80 9c01 | 0000 4c89 | 5424 0848 | c704 24ff 

  0x0000019cecd6a2b0: ;   {runtime_call counter_overflow Runtime1 stub}
  0x0000019cecd6a2b0: ffff ffe8 

  0x0000019cecd6a2b4: ; ImmutableOopMap {[120]=Oop [136]=Oop [128]=Oop [152]=Oop rdx=Oop }
                      ;*synchronization entry
                      ; - java.net.URL::toExternalForm@-1
                      ; - java.net.URL::toString@1
                      ; - java.lang.ClassLoader::defineClassSourceLocation@22
                      ; - java.lang.ClassLoader::defineClass@12
  0x0000019cecd6a2b4: c8e5 3307 | e90d feff 

  0x0000019cecd6a2bc: ;   {runtime_call throw_null_pointer_exception Runtime1 stub}
  0x0000019cecd6a2bc: ffe8 de88 

  0x0000019cecd6a2c0: ; ImmutableOopMap {[120]=Oop [136]=Oop [128]=Oop [152]=Oop rdx=Oop rsi=Oop }
                      ;*invokevirtual toExternalForm {reexecute=0 rethrow=0 return_oop=0}
                      ; - java.net.URL::toExternalForm@5
                      ; - java.net.URL::toString@1
                      ; - java.lang.ClassLoader::defineClassSourceLocation@22
                      ; - java.lang.ClassLoader::defineClass@12
                      ;   {internal_word}
  0x0000019cecd6a2c0: 3307 49ba | 1ca2 d6ec | 9c01 0000 | 4d89 9768 

  0x0000019cecd6a2d0: ;   {runtime_call SafepointBlob}
  0x0000019cecd6a2d0: 0300 00e9 | 28d4 2907 | 9090 498b | 87e0 0300 | 0049 c787 | e003 0000 | 0000 0000 | 49c7 87e8 
  0x0000019cecd6a2f0: 0300 0000 | 0000 0048 | 81c4 b000 

  0x0000019cecd6a2fc: ;   {runtime_call unwind_exception Runtime1 stub}
  0x0000019cecd6a2fc: 0000 5de9 | fca8 2a07 | f4f4 f4f4 | f4f4 f4f4 | f4f4 f4f4 | f4f4 f4f4 | f4f4 f4f4 | f4f4 f4f4 
  0x0000019cecd6a31c: f4f4 f4f4 
[Stub Code]
  0x0000019cecd6a320: ;   {no_reloc}
  0x0000019cecd6a320: 0f1f 4400 

  0x0000019cecd6a324: ;   {static_stub}
  0x0000019cecd6a324: 0048 bb00 | 0000 0000 

  0x0000019cecd6a32c: ;   {runtime_call}
  0x0000019cecd6a32c: 0000 00e9 | fbff ffff 

  0x0000019cecd6a334: ;   {static_stub}
  0x0000019cecd6a334: 9048 bb00 | 0000 0000 

  0x0000019cecd6a33c: ;   {runtime_call}
  0x0000019cecd6a33c: 0000 00e9 | fbff ffff 

  0x0000019cecd6a344: ;   {static_stub}
  0x0000019cecd6a344: 9048 bb00 | 0000 0000 

  0x0000019cecd6a34c: ;   {runtime_call}
  0x0000019cecd6a34c: 0000 00e9 | fbff ffff 

  0x0000019cecd6a354: ;   {static_stub}
  0x0000019cecd6a354: 9048 bb00 | 0000 0000 

  0x0000019cecd6a35c: ;   {runtime_call}
  0x0000019cecd6a35c: 0000 00e9 | fbff ffff 
[Exception Handler]
  0x0000019cecd6a364: ;   {runtime_call handle_exception_from_callee Runtime1 stub}
  0x0000019cecd6a364: e817 af33 

  0x0000019cecd6a368: ;   {external_word}
  0x0000019cecd6a368: 0748 b930 | cafc acf9 | 7f00 0048 

  0x0000019cecd6a374: ;   {runtime_call}
  0x0000019cecd6a374: 83e4 f049 | ba70 4cc5 | acf9 7f00 | 0041 ffd2 

  0x0000019cecd6a384: ;   {section_word}
  0x0000019cecd6a384: f449 ba85 | a3d6 ec9c | 0100 0041 

  0x0000019cecd6a390: ;   {runtime_call DeoptimizationBlob}
  0x0000019cecd6a390: 52e9 0ac6 | 2907 f4f4 
[/MachCode]


Compiled method (c1)    1742 1542       3       java.security.SecureClassLoader::defineClass (16 bytes)
 total in heap  [0x0000019cecd51390,0x0000019cecd51780] = 1008
 relocation     [0x0000019cecd514e8,0x0000019cecd51530] = 72
 main code      [0x0000019cecd51540,0x0000019cecd51680] = 320
 stub code      [0x0000019cecd51680,0x0000019cecd516d8] = 88
 metadata       [0x0000019cecd516d8,0x0000019cecd516e0] = 8
 scopes data    [0x0000019cecd516e0,0x0000019cecd51728] = 72
 scopes pcs     [0x0000019cecd51728,0x0000019cecd51778] = 80
 dependencies   [0x0000019cecd51778,0x0000019cecd51780] = 8

[Constant Pool (empty)]

[MachCode]
[Entry Point]
  # {method} {0x0000019c80031ce0} 'defineClass' '(Ljava/lang/String;[BIILjava/security/CodeSource;)Ljava/lang/Class;' in 'java/security/SecureClassLoader'
  # this:     rdx:rdx   = 'java/security/SecureClassLoader'
  # parm0:    r8:r8     = 'java/lang/String'
  # parm1:    r9:r9     = '[B'
  # parm2:    rdi       = int
  # parm3:    rsi       = int
  # parm4:    rcx:rcx   = 'java/security/CodeSource'
  #           [sp+0x80]  (sp of caller)
  0x0000019cecd51540: 448b 5208 | 49c1 e203 

  0x0000019cecd51548: ;   {runtime_call ic_miss_stub}
  0x0000019cecd51548: 4c3b d00f | 852f f82a | 070f 1f84 | 0000 0000 | 000f 1f80 | 0000 0000 
[Verified Entry Point]
  0x0000019cecd51560: 8984 2400 | 90ff ff55 | 4883 ec70 

  0x0000019cecd5156c: ;   {metadata(method data for {method} {0x0000019c80031ce0} 'defineClass' '(Ljava/lang/String;[BIILjava/security/CodeSource;)Ljava/lang/Class;' in 'java/security/SecureClassLoader')}
  0x0000019cecd5156c: 48bb a00e | b680 9c01 | 0000 8b83 | cc00 0000 | 83c0 0289 | 83cc 0000 | 0081 e0fe | 0700 0083 
  0x0000019cecd5158c: f800 0f84 | 8b00 0000 | 8974 245c | 897c 2458 | 4c89 4c24 | 504c 8944 | 2448 488b 

  0x0000019cecd515a8: ;   {metadata(method data for {method} {0x0000019c80031ce0} 'defineClass' '(Ljava/lang/String;[BIILjava/security/CodeSource;)Ljava/lang/Class;' in 'java/security/SecureClassLoader')}
  0x0000019cecd515a8: da48 b8a0 | 0eb6 809c | 0100 0048 | 8380 1001 | 0000 014c | 8bc1 488b | c248 8bd0 | 4889 4424 
  0x0000019cecd515c8: 4066 0f1f 

  0x0000019cecd515cc: ;   {optimized virtual_call}
  0x0000019cecd515cc: 4400 00e8 

  0x0000019cecd515d0: ; ImmutableOopMap {[80]=Oop [64]=Oop [72]=Oop }
                      ;*invokevirtual getProtectionDomain {reexecute=0 rethrow=0 return_oop=0}
                      ; - java.security.SecureClassLoader::defineClass@9
  0x0000019cecd515d0: cc39 fcff | 488b 5424 

  0x0000019cecd515d8: ;   {metadata(method data for {method} {0x0000019c80031ce0} 'defineClass' '(Ljava/lang/String;[BIILjava/security/CodeSource;)Ljava/lang/Class;' in 'java/security/SecureClassLoader')}
  0x0000019cecd515d8: 4049 b8a0 | 0eb6 809c | 0100 0049 | 8380 4801 | 0000 014c | 8b44 2448 | 4c8b 4c24 | 508b 7c24 
  0x0000019cecd515f8: 588b 7424 | 5c48 8bc8 | 488b 5424 

  0x0000019cecd51604: ;   {optimized virtual_call}
  0x0000019cecd51604: 4066 90e8 

  0x0000019cecd51608: ; ImmutableOopMap {}
                      ;*invokevirtual defineClass {reexecute=0 rethrow=0 return_oop=0}
                      ; - java.security.SecureClassLoader::defineClass@12
  0x0000019cecd51608: 9488 0100 | 4883 c470 

  0x0000019cecd51610: ;   {poll_return}
  0x0000019cecd51610: 5d49 3ba7 | 5003 0000 | 0f87 2200 

  0x0000019cecd5161c: ;   {metadata({method} {0x0000019c80031ce0} 'defineClass' '(Ljava/lang/String;[BIILjava/security/CodeSource;)Ljava/lang/Class;' in 'java/security/SecureClassLoader')}
  0x0000019cecd5161c: 0000 c349 | bad8 1c03 | 809c 0100 | 004c 8954 | 2408 48c7 | 0424 ffff 

  0x0000019cecd51634: ;   {runtime_call counter_overflow Runtime1 stub}
  0x0000019cecd51634: ffff e845 

  0x0000019cecd51638: ; ImmutableOopMap {rdx=Oop r8=Oop r9=Oop rcx=Oop }
                      ;*synchronization entry
                      ; - java.security.SecureClassLoader::defineClass@-1
  0x0000019cecd51638: 7235 07e9 | 54ff ffff 

  0x0000019cecd51640: ;   {internal_word}
  0x0000019cecd51640: 49ba 1116 | d5ec 9c01 | 0000 4d89 | 9768 0300 

  0x0000019cecd51650: ;   {runtime_call SafepointBlob}
  0x0000019cecd51650: 00e9 aa60 | 2b07 9090 | 498b 87e0 | 0300 0049 | c787 e003 | 0000 0000 | 0000 49c7 | 87e8 0300 
  0x0000019cecd51670: 0000 0000 | 0048 83c4 

  0x0000019cecd51678: ;   {runtime_call unwind_exception Runtime1 stub}
  0x0000019cecd51678: 705d e981 | 352c 07f4 
[Stub Code]
  0x0000019cecd51680: ;   {no_reloc}
  0x0000019cecd51680: 0f1f 4400 

  0x0000019cecd51684: ;   {static_stub}
  0x0000019cecd51684: 0048 bb00 | 0000 0000 

  0x0000019cecd5168c: ;   {runtime_call}
  0x0000019cecd5168c: 0000 00e9 | fbff ffff 

  0x0000019cecd51694: ;   {static_stub}
  0x0000019cecd51694: 9048 bbd8 | dc01 809c 

  0x0000019cecd5169c: ;   {runtime_call I2C/C2I adapters}
  0x0000019cecd5169c: 0100 00e9 | 3e60 2a07 
[Exception Handler]
  0x0000019cecd516a4: ;   {runtime_call handle_exception_from_callee Runtime1 stub}
  0x0000019cecd516a4: e8d7 3b35 

  0x0000019cecd516a8: ;   {external_word}
  0x0000019cecd516a8: 0748 b930 | cafc acf9 | 7f00 0048 

  0x0000019cecd516b4: ;   {runtime_call}
  0x0000019cecd516b4: 83e4 f049 | ba70 4cc5 | acf9 7f00 | 0041 ffd2 

  0x0000019cecd516c4: ;   {section_word}
  0x0000019cecd516c4: f449 bac5 | 16d5 ec9c | 0100 0041 

  0x0000019cecd516d0: ;   {runtime_call DeoptimizationBlob}
  0x0000019cecd516d0: 52e9 ca52 | 2b07 f4f4 
[/MachCode]


---------------  P R O C E S S  ---------------

Threads class SMR info:
_java_thread_list=0x0000019c85105370, length=20, elements={
0x0000019ce9dfe280, 0x0000019cfed27020, 0x0000019cfed27a50, 0x0000019cfed588b0,
0x0000019cfed59180, 0x0000019cfed5b4c0, 0x0000019cfed5f160, 0x0000019cfed65dc0,
0x0000019cfed67a90, 0x0000019cfed67fb0, 0x0000019ce9e62590, 0x0000019cfeed9830,
0x0000019cff04d960, 0x0000019c846f7bb0, 0x0000019c8511c130, 0x0000019c8551f630,
0x0000019c84ef7030, 0x0000019c854a0020, 0x0000019c856dbe60, 0x0000019c850dd010
}

Java Threads: ( => current thread )
  0x0000019ce9dfe280 JavaThread "main" [_thread_blocked, id=18804, stack(0x00000092dfd00000,0x00000092dfe00000)]
  0x0000019cfed27020 JavaThread "Reference Handler" daemon [_thread_blocked, id=18764, stack(0x00000092e0000000,0x00000092e0100000)]
  0x0000019cfed27a50 JavaThread "Finalizer" daemon [_thread_blocked, id=6400, stack(0x00000092e0100000,0x00000092e0200000)]
  0x0000019cfed588b0 JavaThread "Signal Dispatcher" daemon [_thread_blocked, id=17112, stack(0x00000092e0200000,0x00000092e0300000)]
  0x0000019cfed59180 JavaThread "Attach Listener" daemon [_thread_blocked, id=5896, stack(0x00000092e0300000,0x00000092e0400000)]
  0x0000019cfed5b4c0 JavaThread "Service Thread" daemon [_thread_blocked, id=2312, stack(0x00000092e0400000,0x00000092e0500000)]
  0x0000019cfed5f160 JavaThread "Monitor Deflation Thread" daemon [_thread_blocked, id=18256, stack(0x00000092e0500000,0x00000092e0600000)]
  0x0000019cfed65dc0 JavaThread "C2 CompilerThread0" daemon [_thread_blocked, id=18504, stack(0x00000092e0600000,0x00000092e0700000)]
  0x0000019cfed67a90 JavaThread "C1 CompilerThread0" daemon [_thread_blocked, id=15452, stack(0x00000092e0700000,0x00000092e0800000)]
  0x0000019cfed67fb0 JavaThread "Sweeper thread" daemon [_thread_blocked, id=1016, stack(0x00000092e0800000,0x00000092e0900000)]
  0x0000019ce9e62590 JavaThread "Common-Cleaner" daemon [_thread_blocked, id=18488, stack(0x00000092e0900000,0x00000092e0a00000)]
  0x0000019cfeed9830 JavaThread "C2 CompilerThread1" daemon [_thread_blocked, id=18872, stack(0x00000092e0a00000,0x00000092e0b00000)]
  0x0000019cff04d960 JavaThread "Notification Thread" daemon [_thread_blocked, id=17584, stack(0x00000092e0b00000,0x00000092e0c00000)]
  0x0000019c846f7bb0 JavaThread "C2 CompilerThread2" daemon [_thread_blocked, id=18908, stack(0x00000092e0d00000,0x00000092e0e00000)]
  0x0000019c8511c130 JavaThread "Active Thread: Equinox Container: 575c771c-ec17-400c-9823-ca9dc606257a" [_thread_blocked, id=14484, stack(0x00000092e1400000,0x00000092e1500000)]
  0x0000019c8551f630 JavaThread "Framework Event Dispatcher: Equinox Container: 575c771c-ec17-400c-9823-ca9dc606257a" daemon [_thread_blocked, id=17156, stack(0x00000092e1500000,0x00000092e1600000)]
=>0x0000019c84ef7030 JavaThread "Start Level: Equinox Container: 575c771c-ec17-400c-9823-ca9dc606257a" daemon [_thread_in_vm, id=3636, stack(0x00000092e1600000,0x00000092e1700000)]
  0x0000019c854a0020 JavaThread "Bundle File Closer" daemon [_thread_blocked, id=18816, stack(0x00000092e1800000,0x00000092e1900000)]
  0x0000019c856dbe60 JavaThread "SCR Component Actor" daemon [_thread_blocked, id=11476, stack(0x00000092e1a00000,0x00000092e1b00000)]
  0x0000019c850dd010 JavaThread "SCR Component Registry" daemon [_thread_blocked, id=16072, stack(0x00000092e1b00000,0x00000092e1c00000)]

Other Threads:
  0x0000019ce9e86d40 VMThread "VM Thread" [stack: 0x00000092dff00000,0x00000092e0000000] [id=18808]
  0x0000019cff04c340 WatcherThread [stack: 0x00000092e0c00000,0x00000092e0d00000] [id=7224]
  0x0000019ce9e13ae0 GCTaskThread "GC Thread#0" [stack: 0x00000092dfe00000,0x00000092dff00000] [id=18788]
  0x0000019c84cd86c0 GCTaskThread "GC Thread#1" [stack: 0x00000092e0e00000,0x00000092e0f00000] [id=6872]
  0x0000019c84cd8d90 GCTaskThread "GC Thread#2" [stack: 0x00000092e0f00000,0x00000092e1000000] [id=3852]
  0x0000019c84aa0ac0 GCTaskThread "GC Thread#3" [stack: 0x00000092e1000000,0x00000092e1100000] [id=5884]
  0x0000019c84aa0d80 GCTaskThread "GC Thread#4" [stack: 0x00000092e1100000,0x00000092e1200000] [id=14408]
  0x0000019c84aa1040 GCTaskThread "GC Thread#5" [stack: 0x00000092e1200000,0x00000092e1300000] [id=9360]
  0x0000019c84aa1300 GCTaskThread "GC Thread#6" [stack: 0x00000092e1300000,0x00000092e1400000] [id=12128]
  0x0000019ce7bed6e0 GCTaskThread "GC Thread#7" [stack: 0x00000092e1700000,0x00000092e1800000] [id=18840]
  0x0000019c8548f050 GCTaskThread "GC Thread#8" [stack: 0x00000092e1900000,0x00000092e1a00000] [id=7644]

Threads with active compile tasks:

VM state: not at safepoint (normal execution)

VM Mutex/Monitor currently owned by a thread:  ([mutex/lock_event])
[0x0000019ce7b21650] Metaspace_lock - owner thread: 0x0000019c84ef7030

Heap address: 0x00000000c0000000, size: 1024 MB, Compressed Oops mode: 32-bit

CDS archive(s) not mapped
Compressed class space mapped at: 0x0000000100000000-0x0000000140000000, reserved size: 1073741824
Narrow klass base: 0x0000000000000000, Narrow klass shift: 3, Narrow klass range: 0x140000000

GC Precious Log:
 CPUs: 12 total, 12 available
 Memory: 15764M
 Large Page Support: Disabled
 NUMA Support: Disabled
 Compressed Oops: Enabled (32-bit)
 Alignments: Space 512K, Generation 512K, Heap 2M
 Heap Min Capacity: 100M
 Heap Initial Capacity: 100M
 Heap Max Capacity: 1G
 Pre-touch: Disabled
 Parallel Workers: 10

Heap:
 PSYoungGen      total 29696K, used 17972K [0x00000000eab00000, 0x00000000ecc00000, 0x0000000100000000)
  eden space 25600K, 54% used [0x00000000eab00000,0x00000000eb894270,0x00000000ec400000)
  from space 4096K, 99% used [0x00000000ec400000,0x00000000ec7f8e88,0x00000000ec800000)
  to   space 4096K, 0% used [0x00000000ec800000,0x00000000ec800000,0x00000000ecc00000)
 ParOldGen       total 68608K, used 5377K [0x00000000c0000000, 0x00000000c4300000, 0x00000000eab00000)
  object space 68608K, 7% used [0x00000000c0000000,0x00000000c0540770,0x00000000c4300000)
 Metaspace       used 18325K, committed 18624K, reserved 1114112K
  class space    used 1871K, committed 1984K, reserved 1048576K

Card table byte_map: [0x0000019ce9790000,0x0000019ce99a0000] _byte_map_base: 0x0000019ce9190000

Marking Bits: (ParMarkBitMap*) 0x00007ff9ad2458b0
 Begin Bits: [0x0000019cfba80000, 0x0000019cfca80000)
 End Bits:   [0x0000019cfca80000, 0x0000019cfda80000)

Polling page: 0x0000019ce7d60000

Metaspace:

Usage:
  Non-class:     16.07 MB used.
      Class:      1.83 MB used.
       Both:     17.90 MB used.

Virtual space:
  Non-class space:       64.00 MB reserved,      16.25 MB ( 25%) committed,  1 nodes.
      Class space:        1.00 GB reserved,       1.94 MB ( <1%) committed,  1 nodes.
             Both:        1.06 GB reserved,      18.19 MB (  2%) committed. 

Chunk freelists:
   Non-Class:  15.59 MB
       Class:  13.92 MB
        Both:  29.52 MB

MaxMetaspaceSize: unlimited
CompressedClassSpaceSize: 1.00 GB
Initial GC threshold: 21.00 MB
Current GC threshold: 21.00 MB
CDS: off
MetaspaceReclaimPolicy: balanced
 - commit_granule_bytes: 65536.
 - commit_granule_words: 8192.
 - virtual_space_node_default_size: 8388608.
 - enlarge_chunks_in_place: 1.
 - new_chunks_are_fully_committed: 0.
 - uncommit_free_chunks: 1.
 - use_allocation_guard: 0.
 - handle_deallocations: 1.


Internal statistics:

num_allocs_failed_limit: 0.
num_arena_births: 136.
num_arena_deaths: 0.
num_vsnodes_births: 2.
num_vsnodes_deaths: 0.
num_space_committed: 291.
num_space_uncommitted: 0.
num_chunks_returned_to_freelist: 0.
num_chunks_taken_from_freelist: 444.
num_chunk_merges: 0.
num_chunk_splits: 286.
num_chunks_enlarged: 219.
num_inconsistent_stats: 0.

CodeHeap 'non-profiled nmethods': size=120000Kb used=996Kb max_used=996Kb free=119004Kb
 bounds [0x0000019cf4550000, 0x0000019cf47c0000, 0x0000019cfba80000]
CodeHeap 'profiled nmethods': size=120000Kb used=4293Kb max_used=4293Kb free=115706Kb
 bounds [0x0000019ceca80000, 0x0000019cecec0000, 0x0000019cf3fb0000]
CodeHeap 'non-nmethods': size=5760Kb used=1175Kb max_used=1203Kb free=4584Kb
 bounds [0x0000019cf3fb0000, 0x0000019cf4220000, 0x0000019cf4550000]
 total_blobs=2710 nmethods=2242 adapters=382
 compilation: enabled
              stopped_count=0, restarted_count=0
 full_count=0

Compilation events (20 events):
Event: 1.681 Thread 0x0000019cfed67a90 2234       3       java.lang.System::getProperty (25 bytes)
Event: 1.681 Thread 0x0000019cfed67a90 nmethod 2234 0x0000019cecead310 code [0x0000019cecead520, 0x0000019ceceadbf8]
Event: 1.681 Thread 0x0000019cfed67a90 2230       3       org.eclipse.osgi.internal.loader.ModuleClassLoader::findLocalClass (9 bytes)
Event: 1.681 Thread 0x0000019cfed67a90 nmethod 2230 0x0000019ceceade90 code [0x0000019ceceae040, 0x0000019ceceae1a8]
Event: 1.681 Thread 0x0000019cfed67a90 2233       3       java.lang.ref.ReferenceQueue::<init> (21 bytes)
Event: 1.681 Thread 0x0000019cfed67a90 nmethod 2233 0x0000019ceceae290 code [0x0000019ceceae440, 0x0000019ceceae6d8]
Event: 1.684 Thread 0x0000019cfed67a90 2235       3       java.io.WinNTFileSystem::normalize (143 bytes)
Event: 1.685 Thread 0x0000019cfed67a90 nmethod 2235 0x0000019ceceae810 code [0x0000019ceceaeaa0, 0x0000019ceceaf678]
Event: 1.685 Thread 0x0000019cfed67a90 2236       3       java.util.LinkedList::node (65 bytes)
Event: 1.685 Thread 0x0000019cfed67a90 nmethod 2236 0x0000019ceceafb10 code [0x0000019ceceafcc0, 0x0000019ceceaff98]
Event: 1.687 Thread 0x0000019cfed67a90 2237       3       java.util.ArrayList::remove (26 bytes)
Event: 1.687 Thread 0x0000019cfed67a90 nmethod 2237 0x0000019ceceb0110 code [0x0000019ceceb02e0, 0x0000019ceceb05f8]
Event: 1.690 Thread 0x0000019cfeed9830 2239       4       org.eclipse.osgi.container.ModuleDatabase$2::compare (13 bytes)
Event: 1.691 Thread 0x0000019cfeed9830 nmethod 2239 0x0000019cf4648590 code [0x0000019cf4648720, 0x0000019cf4648858]
Event: 1.691 Thread 0x0000019cfed67a90 2240       3       org.eclipse.osgi.internal.util.Tokenizer::getToken (123 bytes)
Event: 1.692 Thread 0x0000019cfed67a90 nmethod 2240 0x0000019ceceb0790 code [0x0000019ceceb09c0, 0x0000019ceceb1268]
Event: 1.692 Thread 0x0000019cfed67a90 2241       1       java.util.AbstractMap$SimpleImmutableEntry::getKey (5 bytes)
Event: 1.692 Thread 0x0000019cfed67a90 nmethod 2241 0x0000019cf4648a10 code [0x0000019cf4648ba0, 0x0000019cf4648c78]
Event: 1.692 Thread 0x0000019cfed67a90 2242       1       java.util.AbstractMap$SimpleImmutableEntry::getValue (5 bytes)
Event: 1.692 Thread 0x0000019cfed67a90 nmethod 2242 0x0000019cf4648d10 code [0x0000019cf4648ea0, 0x0000019cf4648f78]

GC Heap History (6 events):
Event: 0.687 GC heap before
{Heap before GC invocations=1 (full 0):
 PSYoungGen      total 29696K, used 25600K [0x00000000eab00000, 0x00000000ecc00000, 0x0000000100000000)
  eden space 25600K, 100% used [0x00000000eab00000,0x00000000ec400000,0x00000000ec400000)
  from space 4096K, 0% used [0x00000000ec800000,0x00000000ec800000,0x00000000ecc00000)
  to   space 4096K, 0% used [0x00000000ec400000,0x00000000ec400000,0x00000000ec800000)
 ParOldGen       total 68608K, used 0K [0x00000000c0000000, 0x00000000c4300000, 0x00000000eab00000)
  object space 68608K, 0% used [0x00000000c0000000,0x00000000c0000000,0x00000000c4300000)
 Metaspace       used 10942K, committed 11072K, reserved 1114112K
  class space    used 1085K, committed 1152K, reserved 1048576K
}
Event: 0.694 GC heap after
{Heap after GC invocations=1 (full 0):
 PSYoungGen      total 29696K, used 3133K [0x00000000eab00000, 0x00000000ecc00000, 0x0000000100000000)
  eden space 25600K, 0% used [0x00000000eab00000,0x00000000eab00000,0x00000000ec400000)
  from space 4096K, 76% used [0x00000000ec400000,0x00000000ec70f7a8,0x00000000ec800000)
  to   space 4096K, 0% used [0x00000000ec800000,0x00000000ec800000,0x00000000ecc00000)
 ParOldGen       total 68608K, used 16K [0x00000000c0000000, 0x00000000c4300000, 0x00000000eab00000)
  object space 68608K, 0% used [0x00000000c0000000,0x00000000c0004000,0x00000000c4300000)
 Metaspace       used 10942K, committed 11072K, reserved 1114112K
  class space    used 1085K, committed 1152K, reserved 1048576K
}
Event: 1.220 GC heap before
{Heap before GC invocations=2 (full 0):
 PSYoungGen      total 29696K, used 28733K [0x00000000eab00000, 0x00000000ecc00000, 0x0000000100000000)
  eden space 25600K, 100% used [0x00000000eab00000,0x00000000ec400000,0x00000000ec400000)
  from space 4096K, 76% used [0x00000000ec400000,0x00000000ec70f7a8,0x00000000ec800000)
  to   space 4096K, 0% used [0x00000000ec800000,0x00000000ec800000,0x00000000ecc00000)
 ParOldGen       total 68608K, used 16K [0x00000000c0000000, 0x00000000c4300000, 0x00000000eab00000)
  object space 68608K, 0% used [0x00000000c0000000,0x00000000c0004000,0x00000000c4300000)
 Metaspace       used 14473K, committed 14656K, reserved 1114112K
  class space    used 1443K, committed 1536K, reserved 1048576K
}
Event: 1.226 GC heap after
{Heap after GC invocations=2 (full 0):
 PSYoungGen      total 29696K, used 4093K [0x00000000eab00000, 0x00000000ecc00000, 0x0000000100000000)
  eden space 25600K, 0% used [0x00000000eab00000,0x00000000eab00000,0x00000000ec400000)
  from space 4096K, 99% used [0x00000000ec800000,0x00000000ecbff7a8,0x00000000ecc00000)
  to   space 4096K, 0% used [0x00000000ec400000,0x00000000ec400000,0x00000000ec800000)
 ParOldGen       total 68608K, used 1504K [0x00000000c0000000, 0x00000000c4300000, 0x00000000eab00000)
  object space 68608K, 2% used [0x00000000c0000000,0x00000000c0178050,0x00000000c4300000)
 Metaspace       used 14473K, committed 14656K, reserved 1114112K
  class space    used 1443K, committed 1536K, reserved 1048576K
}
Event: 1.525 GC heap before
{Heap before GC invocations=3 (full 0):
 PSYoungGen      total 29696K, used 29677K [0x00000000eab00000, 0x00000000ecc00000, 0x0000000100000000)
  eden space 25600K, 99% used [0x00000000eab00000,0x00000000ec3fbc80,0x00000000ec400000)
  from space 4096K, 99% used [0x00000000ec800000,0x00000000ecbff7a8,0x00000000ecc00000)
  to   space 4096K, 0% used [0x00000000ec400000,0x00000000ec400000,0x00000000ec800000)
 ParOldGen       total 68608K, used 1504K [0x00000000c0000000, 0x00000000c4300000, 0x00000000eab00000)
  object space 68608K, 2% used [0x00000000c0000000,0x00000000c0178050,0x00000000c4300000)
 Metaspace       used 15852K, committed 16064K, reserved 1114112K
  class space    used 1589K, committed 1664K, reserved 1048576K
}
Event: 1.531 GC heap after
{Heap after GC invocations=3 (full 0):
 PSYoungGen      total 29696K, used 4067K [0x00000000eab00000, 0x00000000ecc00000, 0x0000000100000000)
  eden space 25600K, 0% used [0x00000000eab00000,0x00000000eab00000,0x00000000ec400000)
  from space 4096K, 99% used [0x00000000ec400000,0x00000000ec7f8e88,0x00000000ec800000)
  to   space 4096K, 0% used [0x00000000ec800000,0x00000000ec800000,0x00000000ecc00000)
 ParOldGen       total 68608K, used 5377K [0x00000000c0000000, 0x00000000c4300000, 0x00000000eab00000)
  object space 68608K, 7% used [0x00000000c0000000,0x00000000c0540770,0x00000000c4300000)
 Metaspace       used 15852K, committed 16064K, reserved 1114112K
  class space    used 1589K, committed 1664K, reserved 1048576K
}

Dll operation events (9 events):
Event: 0.010 Loaded shared library c:\Users\Infinity Gadgets\.vscode\extensions\redhat.java-1.35.1-win32-x64\jre\17.0.12-win32-x86_64\bin\java.dll
Event: 0.132 Loaded shared library c:\Users\Infinity Gadgets\.vscode\extensions\redhat.java-1.35.1-win32-x64\jre\17.0.12-win32-x86_64\bin\zip.dll
Event: 0.135 Loaded shared library C:\Users\Infinity Gadgets\.vscode\extensions\redhat.java-1.35.1-win32-x64\jre\17.0.12-win32-x86_64\bin\instrument.dll
Event: 0.146 Loaded shared library C:\Users\Infinity Gadgets\.vscode\extensions\redhat.java-1.35.1-win32-x64\jre\17.0.12-win32-x86_64\bin\net.dll
Event: 0.148 Loaded shared library C:\Users\Infinity Gadgets\.vscode\extensions\redhat.java-1.35.1-win32-x64\jre\17.0.12-win32-x86_64\bin\nio.dll
Event: 0.154 Loaded shared library C:\Users\Infinity Gadgets\.vscode\extensions\redhat.java-1.35.1-win32-x64\jre\17.0.12-win32-x86_64\bin\zip.dll
Event: 0.170 Loaded shared library C:\Users\Infinity Gadgets\.vscode\extensions\redhat.java-1.35.1-win32-x64\jre\17.0.12-win32-x86_64\bin\jimage.dll
Event: 0.228 Loaded shared library c:\Users\Infinity Gadgets\.vscode\extensions\redhat.java-1.35.1-win32-x64\jre\17.0.12-win32-x86_64\bin\verify.dll
Event: 1.165 Loaded shared library C:\Users\Infinity Gadgets\AppData\Roaming\Code\User\globalStorage\redhat.java\1.35.1\config_win\org.eclipse.equinox.launcher\org.eclipse.equinox.launcher.win32.win32.x86_64_1.2.1100.v20240722-2106\eclipse_11904.dll

Deoptimization events (20 events):
Event: 1.478 Thread 0x0000019c84ef7030 Uncommon trap: trap_request=0xffffff45 fr.pc=0x0000019cf45a6c24 relative=0x00000000000005e4
Event: 1.478 Thread 0x0000019c84ef7030 Uncommon trap: reason=unstable_if action=reinterpret pc=0x0000019cf45a6c24 method=java.util.jar.Manifest$FastInputStream.readLine([BII)I @ 130 c2
Event: 1.478 Thread 0x0000019c84ef7030 DEOPT PACKING pc=0x0000019cf45a6c24 sp=0x00000092e16fd270
Event: 1.478 Thread 0x0000019c84ef7030 DEOPT UNPACKING pc=0x0000019cf40066a3 sp=0x00000092e16fd1a8 mode 2
Event: 1.546 Thread 0x0000019c84ef7030 Uncommon trap: trap_request=0xffffff45 fr.pc=0x0000019cf4637a68 relative=0x0000000000000b68
Event: 1.546 Thread 0x0000019c84ef7030 Uncommon trap: reason=unstable_if action=reinterpret pc=0x0000019cf4637a68 method=org.eclipse.osgi.framework.util.CaseInsensitiveDictionaryMap.findCommonKeyIndex(Ljava/lang/String;)Lorg/eclipse/osgi/framework/util/CaseInsensitiveDictionaryMap$CaseInsensit
Event: 1.546 Thread 0x0000019c84ef7030 DEOPT PACKING pc=0x0000019cf4637a68 sp=0x00000092e16fdf70
Event: 1.546 Thread 0x0000019c84ef7030 DEOPT UNPACKING pc=0x0000019cf40066a3 sp=0x00000092e16fdf10 mode 2
Event: 1.657 Thread 0x0000019c84ef7030 Uncommon trap: trap_request=0xffffff45 fr.pc=0x0000019cf458c3b0 relative=0x00000000000001f0
Event: 1.657 Thread 0x0000019c84ef7030 Uncommon trap: reason=unstable_if action=reinterpret pc=0x0000019cf458c3b0 method=java.lang.invoke.VarHandle.checkExactAccessMode(Ljava/lang/invoke/VarHandle$AccessDescriptor;)V @ 4 c2
Event: 1.657 Thread 0x0000019c84ef7030 DEOPT PACKING pc=0x0000019cf458c3b0 sp=0x00000092e16fd440
Event: 1.657 Thread 0x0000019c84ef7030 DEOPT UNPACKING pc=0x0000019cf40066a3 sp=0x00000092e16fd390 mode 2
Event: 1.669 Thread 0x0000019c84ef7030 Uncommon trap: trap_request=0xffffff45 fr.pc=0x0000019cf45f9b44 relative=0x0000000000001e24
Event: 1.669 Thread 0x0000019c84ef7030 Uncommon trap: reason=unstable_if action=reinterpret pc=0x0000019cf45f9b44 method=java.io.WinNTFileSystem.normalize(Ljava/lang/String;II)Ljava/lang/String; @ 100 c2
Event: 1.669 Thread 0x0000019c84ef7030 DEOPT PACKING pc=0x0000019cf45f9b44 sp=0x00000092e16f8df0
Event: 1.669 Thread 0x0000019c84ef7030 DEOPT UNPACKING pc=0x0000019cf40066a3 sp=0x00000092e16f8d30 mode 2
Event: 1.669 Thread 0x0000019c84ef7030 Uncommon trap: trap_request=0xffffff45 fr.pc=0x0000019cf45f09d0 relative=0x0000000000000f30
Event: 1.669 Thread 0x0000019c84ef7030 Uncommon trap: reason=unstable_if action=reinterpret pc=0x0000019cf45f09d0 method=java.io.WinNTFileSystem.normalize(Ljava/lang/String;II)Ljava/lang/String; @ 100 c2
Event: 1.669 Thread 0x0000019c84ef7030 DEOPT PACKING pc=0x0000019cf45f09d0 sp=0x00000092e16f8d10
Event: 1.669 Thread 0x0000019c84ef7030 DEOPT UNPACKING pc=0x0000019cf40066a3 sp=0x00000092e16f8d18 mode 2

Classes loaded (20 events):
Event: 1.636 Loading class java/io/CharConversionException done
Event: 1.636 Loading class com/sun/org/apache/xerces/internal/impl/io/MalformedByteSequenceException done
Event: 1.643 Loading class java/util/concurrent/RejectedExecutionException
Event: 1.643 Loading class java/util/concurrent/RejectedExecutionException done
Event: 1.643 Loading class java/util/concurrent/CompletionStage
Event: 1.643 Loading class java/util/concurrent/CompletionStage done
Event: 1.644 Loading class java/util/Timer
Event: 1.644 Loading class java/util/Timer done
Event: 1.644 Loading class java/util/TaskQueue
Event: 1.644 Loading class java/util/TaskQueue done
Event: 1.644 Loading class java/util/TimerThread
Event: 1.644 Loading class java/util/TimerThread done
Event: 1.644 Loading class java/util/Timer$ThreadReaper
Event: 1.644 Loading class java/util/Timer$ThreadReaper done
Event: 1.651 Loading class java/util/concurrent/locks/ReentrantLock$FairSync
Event: 1.651 Loading class java/util/concurrent/locks/ReentrantLock$FairSync done
Event: 1.651 Loading class java/util/Collections$ReverseComparator
Event: 1.652 Loading class java/util/Collections$ReverseComparator done
Event: 1.681 Loading class java/lang/CloneNotSupportedException
Event: 1.681 Loading class java/lang/CloneNotSupportedException done

Classes unloaded (0 events):
No events

Classes redefined (0 events):
No events

Internal exceptions (20 events):
Event: 0.630 Thread 0x0000019ce9dfe280 Exception <a 'java/io/FileNotFoundException'{0x00000000ec13d490}> (0x00000000ec13d490) 
thrown [s\src\hotspot\share\prims\jni.cpp, line 516]
Event: 0.655 Thread 0x0000019ce9dfe280 Implicit null exception at 0x0000019cf45aa77b to 0x0000019cf45ab104
Event: 0.655 Thread 0x0000019ce9dfe280 Implicit null exception at 0x0000019cf459d60c to 0x0000019cf459d824
Event: 0.655 Thread 0x0000019ce9dfe280 Implicit null exception at 0x0000019cf45a458c to 0x0000019cf45a47a4
Event: 0.655 Thread 0x0000019ce9dfe280 Implicit null exception at 0x0000019cf459768f to 0x0000019cf4597705
Event: 0.703 Thread 0x0000019ce9dfe280 Exception <a 'java/lang/NoSuchMethodError'{0x00000000eab24388}: 'int java.lang.invoke.DirectMethodHandle$Holder.invokeStaticInit(java.lang.Object, java.lang.Object, java.lang.Object, java.lang.Object)'> (0x00000000eab24388) 
thrown [s\src\hotspot\share\interpreter\linkResolver.cpp, line 759]
Event: 0.704 Thread 0x0000019ce9dfe280 Exception <a 'java/lang/NoSuchMethodError'{0x00000000eab2eaf0}: 'java.lang.Object java.lang.invoke.DirectMethodHandle$Holder.invokeInterface(java.lang.Object, java.lang.Object)'> (0x00000000eab2eaf0) 
thrown [s\src\hotspot\share\interpreter\linkResolver.cpp, line 759]
Event: 0.704 Thread 0x0000019ce9dfe280 Exception <a 'java/lang/IncompatibleClassChangeError'{0x00000000eab322e8}: Found class java.lang.Object, but interface was expected> (0x00000000eab322e8) 
thrown [s\src\hotspot\share\interpreter\linkResolver.cpp, line 826]
Event: 0.705 Thread 0x0000019ce9dfe280 Exception <a 'java/lang/NoSuchMethodError'{0x00000000eab367c8}: 'void java.lang.invoke.DirectMethodHandle$Holder.invokeStatic(java.lang.Object, java.lang.Object)'> (0x00000000eab367c8) 
thrown [s\src\hotspot\share\interpreter\linkResolver.cpp, line 759]
Event: 0.705 Thread 0x0000019ce9dfe280 Exception <a 'java/lang/NoSuchMethodError'{0x00000000eab39fc8}: 'void java.lang.invoke.DirectMethodHandle$Holder.invokeStaticInit(java.lang.Object, java.lang.Object)'> (0x00000000eab39fc8) 
thrown [s\src\hotspot\share\interpreter\linkResolver.cpp, line 759]
Event: 0.705 Thread 0x0000019ce9dfe280 Exception <a 'java/lang/NoSuchMethodError'{0x00000000eab414c8}: 'int java.lang.invoke.DirectMethodHandle$Holder.invokeStaticInit(java.lang.Object, java.lang.Object)'> (0x00000000eab414c8) 
thrown [s\src\hotspot\share\interpreter\linkResolver.cpp, line 759]
Event: 0.765 Thread 0x0000019ce9dfe280 Exception <a 'java/lang/NoSuchMethodError'{0x00000000eacd2c80}: 'void java.lang.invoke.DirectMethodHandle$Holder.invokeSpecial(java.lang.Object, java.lang.Object, java.lang.Object)'> (0x00000000eacd2c80) 
thrown [s\src\hotspot\share\interpreter\linkResolver.cpp, line 759]
Event: 1.012 Thread 0x0000019ce9dfe280 Exception <a 'java/lang/NoSuchMethodError'{0x00000000ebaa0d40}: 'java.lang.Object java.lang.invoke.DirectMethodHandle$Holder.newInvokeSpecial(java.lang.Object, int, java.lang.Object)'> (0x00000000ebaa0d40) 
thrown [s\src\hotspot\share\interpreter\linkResolver.cpp, line 759]
Event: 1.162 Thread 0x0000019ce9dfe280 Exception <a 'java/lang/UnsatisfiedLinkError'{0x00000000ec0ab638}: 'void org.eclipse.equinox.launcher.JNIBridge._update_splash()'> (0x00000000ec0ab638) 
thrown [s\src\hotspot\share\prims\nativeLookup.cpp, line 543]
Event: 1.237 Thread 0x0000019c84ef7030 Exception <a 'java/lang/NoSuchMethodError'{0x00000000eac1e778}: 'java.lang.Object java.lang.invoke.DirectMethodHandle$Holder.invokeStaticInit(java.lang.Object)'> (0x00000000eac1e778) 
thrown [s\src\hotspot\share\interpreter\linkResolver.cpp, line 759]
Event: 1.254 Thread 0x0000019c84ef7030 Exception <a 'java/lang/NoSuchMethodError'{0x00000000eace8ea0}: 'java.lang.Object java.lang.invoke.DirectMethodHandle$Holder.newInvokeSpecial(java.lang.Object, java.lang.Object, int, java.lang.Object)'> (0x00000000eace8ea0) 
thrown [s\src\hotspot\share\interpreter\linkResolver.cpp, line 759]
Event: 1.254 Thread 0x0000019c84ef7030 Exception <a 'java/lang/NoSuchMethodError'{0x00000000eaced188}: 'java.lang.Object java.lang.invoke.DirectMethodHandle$Holder.invokeSpecial(java.lang.Object, java.lang.Object, java.lang.Object, int, java.lang.Object)'> (0x00000000eaced188) 
thrown [s\src\hotspot\share\interpreter\linkResolver.cpp, line 759]
Event: 1.293 Thread 0x0000019c84ef7030 Exception <a 'java/lang/ClassNotFoundException'{0x00000000eaf1e030}: sun/util/logging/resources/spi/loggingProvider> (0x00000000eaf1e030) 
thrown [s\src\hotspot\share\classfile\systemDictionary.cpp, line 256]
Event: 1.581 Thread 0x0000019c84ef7030 Exception <a 'java/lang/NullPointerException'{0x00000000eae52f98}> (0x00000000eae52f98) 
thrown [s\src\hotspot\share\interpreter\linkResolver.cpp, line 1350]
Event: 1.581 Thread 0x0000019c84ef7030 Exception <a 'java/lang/NullPointerException'{0x00000000eae53270}> (0x00000000eae53270) 
thrown [s\src\hotspot\share\interpreter\linkResolver.cpp, line 1350]

VM Operations (20 events):
Event: 1.008 Executing VM operation: HandshakeAllThreads
Event: 1.008 Executing VM operation: HandshakeAllThreads done
Event: 1.185 Executing VM operation: ICBufferFull
Event: 1.185 Executing VM operation: ICBufferFull done
Event: 1.217 Executing VM operation: HandshakeAllThreads
Event: 1.217 Executing VM operation: HandshakeAllThreads done
Event: 1.220 Executing VM operation: ParallelGCFailedAllocation
Event: 1.227 Executing VM operation: ParallelGCFailedAllocation done
Event: 1.277 Executing VM operation: HandshakeAllThreads
Event: 1.277 Executing VM operation: HandshakeAllThreads done
Event: 1.300 Executing VM operation: HandshakeAllThreads
Event: 1.300 Executing VM operation: HandshakeAllThreads done
Event: 1.312 Executing VM operation: HandshakeAllThreads
Event: 1.312 Executing VM operation: HandshakeAllThreads done
Event: 1.322 Executing VM operation: HandshakeAllThreads
Event: 1.322 Executing VM operation: HandshakeAllThreads done
Event: 1.524 Executing VM operation: ParallelGCFailedAllocation
Event: 1.531 Executing VM operation: ParallelGCFailedAllocation done
Event: 1.578 Executing VM operation: HandshakeAllThreads
Event: 1.578 Executing VM operation: HandshakeAllThreads done

Events (20 events):
Event: 0.032 Thread 0x0000019ce9dfe280 Thread added: 0x0000019ce9dfe280
Event: 0.041 Thread 0x0000019cfed27020 Thread added: 0x0000019cfed27020
Event: 0.041 Thread 0x0000019cfed27a50 Thread added: 0x0000019cfed27a50
Event: 0.056 Thread 0x0000019cfed588b0 Thread added: 0x0000019cfed588b0
Event: 0.056 Thread 0x0000019cfed59180 Thread added: 0x0000019cfed59180
Event: 0.056 Thread 0x0000019cfed5b4c0 Thread added: 0x0000019cfed5b4c0
Event: 0.056 Thread 0x0000019cfed5f160 Thread added: 0x0000019cfed5f160
Event: 0.056 Thread 0x0000019cfed65dc0 Thread added: 0x0000019cfed65dc0
Event: 0.056 Thread 0x0000019cfed67a90 Thread added: 0x0000019cfed67a90
Event: 0.057 Thread 0x0000019cfed67fb0 Thread added: 0x0000019cfed67fb0
Event: 0.102 Thread 0x0000019ce9e62590 Thread added: 0x0000019ce9e62590
Event: 0.123 Thread 0x0000019cfeed9830 Thread added: 0x0000019cfeed9830
Event: 0.304 Thread 0x0000019cff04d960 Thread added: 0x0000019cff04d960
Event: 0.387 Thread 0x0000019c846f7bb0 Thread added: 0x0000019c846f7bb0
Event: 0.978 Thread 0x0000019c8511c130 Thread added: 0x0000019c8511c130
Event: 1.158 Thread 0x0000019c8551f630 Thread added: 0x0000019c8551f630
Event: 1.161 Thread 0x0000019c84ef7030 Thread added: 0x0000019c84ef7030
Event: 1.432 Thread 0x0000019c854a0020 Thread added: 0x0000019c854a0020
Event: 1.547 Thread 0x0000019c856dbe60 Thread added: 0x0000019c856dbe60
Event: 1.644 Thread 0x0000019c850dd010 Thread added: 0x0000019c850dd010


Dynamic libraries:
0x00007ff6d03c0000 - 0x00007ff6d03ce000 	c:\Users\Infinity Gadgets\.vscode\extensions\redhat.java-1.35.1-win32-x64\jre\17.0.12-win32-x86_64\bin\java.exe
0x00007ffa41530000 - 0x00007ffa41747000 	C:\WINDOWS\SYSTEM32\ntdll.dll
0x00007ffa402b0000 - 0x00007ffa40374000 	C:\WINDOWS\System32\KERNEL32.DLL
0x00007ffa3ea20000 - 0x00007ffa3edd7000 	C:\WINDOWS\System32\KERNELBASE.dll
0x00007ffa3b470000 - 0x00007ffa3b507000 	C:\WINDOWS\SYSTEM32\apphelp.dll
0x00007ffa3ede0000 - 0x00007ffa3eef1000 	C:\WINDOWS\System32\ucrtbase.dll
0x00007ffa206f0000 - 0x00007ffa20707000 	c:\Users\Infinity Gadgets\.vscode\extensions\redhat.java-1.35.1-win32-x64\jre\17.0.12-win32-x86_64\bin\jli.dll
0x00007ffa1d000000 - 0x00007ffa1d01b000 	c:\Users\Infinity Gadgets\.vscode\extensions\redhat.java-1.35.1-win32-x64\jre\17.0.12-win32-x86_64\bin\VCRUNTIME140.dll
0x00007ffa412c0000 - 0x00007ffa4146f000 	C:\WINDOWS\System32\USER32.dll
0x00007ffa3ef30000 - 0x00007ffa3ef56000 	C:\WINDOWS\System32\win32u.dll
0x00007ffa400f0000 - 0x00007ffa40119000 	C:\WINDOWS\System32\GDI32.dll
0x00007ffa3e840000 - 0x00007ffa3e958000 	C:\WINDOWS\System32\gdi32full.dll
0x00007ffa3f0d0000 - 0x00007ffa3f16a000 	C:\WINDOWS\System32\msvcp_win.dll
0x00007ffa2b930000 - 0x00007ffa2bbc3000 	C:\WINDOWS\WinSxS\amd64_microsoft.windows.common-controls_6595b64144ccf1df_6.0.22621.3672_none_2713b9d173822955\COMCTL32.dll
0x00007ffa40120000 - 0x00007ffa401c7000 	C:\WINDOWS\System32\msvcrt.dll
0x00007ffa3f490000 - 0x00007ffa3f4c1000 	C:\WINDOWS\System32\IMM32.DLL
0x00007ffa37e20000 - 0x00007ffa37e2c000 	c:\Users\Infinity Gadgets\.vscode\extensions\redhat.java-1.35.1-win32-x64\jre\17.0.12-win32-x86_64\bin\vcruntime140_1.dll
0x00007ffa054b0000 - 0x00007ffa0553d000 	c:\Users\Infinity Gadgets\.vscode\extensions\redhat.java-1.35.1-win32-x64\jre\17.0.12-win32-x86_64\bin\msvcp140.dll
0x00007ff9ac6a0000 - 0x00007ff9ad30a000 	c:\Users\Infinity Gadgets\.vscode\extensions\redhat.java-1.35.1-win32-x64\jre\17.0.12-win32-x86_64\bin\server\jvm.dll
0x00007ffa40430000 - 0x00007ffa404e2000 	C:\WINDOWS\System32\ADVAPI32.dll
0x00007ffa3f380000 - 0x00007ffa3f428000 	C:\WINDOWS\System32\sechost.dll
0x00007ffa3ef00000 - 0x00007ffa3ef28000 	C:\WINDOWS\System32\bcrypt.dll
0x00007ffa3f260000 - 0x00007ffa3f374000 	C:\WINDOWS\System32\RPCRT4.dll
0x00007ffa401d0000 - 0x00007ffa40241000 	C:\WINDOWS\System32\WS2_32.dll
0x00007ffa3e710000 - 0x00007ffa3e75d000 	C:\WINDOWS\SYSTEM32\POWRPROF.dll
0x00007ffa37320000 - 0x00007ffa3732a000 	C:\WINDOWS\SYSTEM32\VERSION.dll
0x00007ffa35090000 - 0x00007ffa350c4000 	C:\WINDOWS\SYSTEM32\WINMM.dll
0x00007ffa3e6f0000 - 0x00007ffa3e703000 	C:\WINDOWS\SYSTEM32\UMPDC.dll
0x00007ffa3d890000 - 0x00007ffa3d8a8000 	C:\WINDOWS\SYSTEM32\kernel.appcore.dll
0x00007ffa32ad0000 - 0x00007ffa32ada000 	c:\Users\Infinity Gadgets\.vscode\extensions\redhat.java-1.35.1-win32-x64\jre\17.0.12-win32-x86_64\bin\jimage.dll
0x00007ffa38660000 - 0x00007ffa38892000 	C:\WINDOWS\SYSTEM32\DBGHELP.DLL
0x00007ffa40750000 - 0x00007ffa40ade000 	C:\WINDOWS\System32\combase.dll
0x00007ffa3fff0000 - 0x00007ffa400c7000 	C:\WINDOWS\System32\OLEAUT32.dll
0x00007ffa2e940000 - 0x00007ffa2e972000 	C:\WINDOWS\SYSTEM32\dbgcore.DLL
0x00007ffa3f170000 - 0x00007ffa3f1eb000 	C:\WINDOWS\System32\bcryptPrimitives.dll
0x00007ffa2f050000 - 0x00007ffa2f05e000 	c:\Users\Infinity Gadgets\.vscode\extensions\redhat.java-1.35.1-win32-x64\jre\17.0.12-win32-x86_64\bin\instrument.dll
0x00007ffa13500000 - 0x00007ffa13525000 	c:\Users\Infinity Gadgets\.vscode\extensions\redhat.java-1.35.1-win32-x64\jre\17.0.12-win32-x86_64\bin\java.dll
0x00007ffa140d0000 - 0x00007ffa140e8000 	c:\Users\Infinity Gadgets\.vscode\extensions\redhat.java-1.35.1-win32-x64\jre\17.0.12-win32-x86_64\bin\zip.dll
0x00007ffa3f730000 - 0x00007ffa3ff99000 	C:\WINDOWS\System32\SHELL32.dll
0x00007ffa3c7b0000 - 0x00007ffa3d0af000 	C:\WINDOWS\SYSTEM32\windows.storage.dll
0x00007ffa3c670000 - 0x00007ffa3c7af000 	C:\WINDOWS\SYSTEM32\wintypes.dll
0x00007ffa40ae0000 - 0x00007ffa40bd9000 	C:\WINDOWS\System32\SHCORE.dll
0x00007ffa3f430000 - 0x00007ffa3f48e000 	C:\WINDOWS\System32\shlwapi.dll
0x00007ffa3e770000 - 0x00007ffa3e797000 	C:\WINDOWS\SYSTEM32\profapi.dll
0x00007ffa12620000 - 0x00007ffa12639000 	C:\Users\Infinity Gadgets\.vscode\extensions\redhat.java-1.35.1-win32-x64\jre\17.0.12-win32-x86_64\bin\net.dll
0x00007ffa3b330000 - 0x00007ffa3b466000 	C:\WINDOWS\SYSTEM32\WINHTTP.dll
0x00007ffa3dd00000 - 0x00007ffa3dd69000 	C:\WINDOWS\system32\mswsock.dll
0x00007ffa0c410000 - 0x00007ffa0c426000 	C:\Users\Infinity Gadgets\.vscode\extensions\redhat.java-1.35.1-win32-x64\jre\17.0.12-win32-x86_64\bin\nio.dll
0x00007ffa2e1d0000 - 0x00007ffa2e1e0000 	c:\Users\Infinity Gadgets\.vscode\extensions\redhat.java-1.35.1-win32-x64\jre\17.0.12-win32-x86_64\bin\verify.dll
0x00007ffa0c0c0000 - 0x00007ffa0c105000 	C:\Users\Infinity Gadgets\AppData\Roaming\Code\User\globalStorage\redhat.java\1.35.1\config_win\org.eclipse.equinox.launcher\org.eclipse.equinox.launcher.win32.win32.x86_64_1.2.1100.v20240722-2106\eclipse_11904.dll
0x00007ffa40be0000 - 0x00007ffa40d85000 	C:\WINDOWS\System32\ole32.dll

dbghelp: loaded successfully - version: 4.0.5 - missing functions: none
symbol engine: initialized successfully - sym options: 0x614 - pdb path: .;c:\Users\Infinity Gadgets\.vscode\extensions\redhat.java-1.35.1-win32-x64\jre\17.0.12-win32-x86_64\bin;C:\WINDOWS\SYSTEM32;C:\WINDOWS\WinSxS\amd64_microsoft.windows.common-controls_6595b64144ccf1df_6.0.22621.3672_none_2713b9d173822955;c:\Users\Infinity Gadgets\.vscode\extensions\redhat.java-1.35.1-win32-x64\jre\17.0.12-win32-x86_64\bin\server;C:\Users\Infinity Gadgets\AppData\Roaming\Code\User\globalStorage\redhat.java\1.35.1\config_win\org.eclipse.equinox.launcher\org.eclipse.equinox.launcher.win32.win32.x86_64_1.2.1100.v20240722-2106

VM Arguments:
jvm_args: --add-modules=ALL-SYSTEM --add-opens=java.base/java.util=ALL-UNNAMED --add-opens=java.base/java.lang=ALL-UNNAMED --add-opens=java.base/sun.nio.fs=ALL-UNNAMED -Declipse.application=org.eclipse.jdt.ls.core.id1 -Dosgi.bundles.defaultStartLevel=4 -Declipse.product=org.eclipse.jdt.ls.core.product -Djava.import.generatesMetadataFilesAtProjectRoot=false -DDetectVMInstallationsJob.disabled=true -Dfile.encoding=utf8 -XX:+UseParallelGC -XX:GCTimeRatio=4 -XX:AdaptiveSizePolicyWeight=90 -Dsun.zip.disableMemoryMapping=true -Xmx1G -Xms100m -Xlog:disable -javaagent:c:\Users\Infinity Gadgets\.vscode\extensions\redhat.java-1.35.1-win32-x64\lombok\lombok-1.18.33.jar -XX:+HeapDumpOnOutOfMemoryError -XX:HeapDumpPath=c:\Users\Infinity Gadgets\AppData\Roaming\Code\User\workspaceStorage\0724a7769be9d1b50e32a88c328175df\redhat.java -Daether.dependencyCollector.impl=bf 
java_command: c:\Users\Infinity Gadgets\.vscode\extensions\redhat.java-1.35.1-win32-x64\server\plugins\org.eclipse.equinox.launcher_1.6.900.v20240613-2009.jar -configuration c:\Users\Infinity Gadgets\AppData\Roaming\Code\User\globalStorage\redhat.java\1.35.1\config_win -data c:\Users\Infinity Gadgets\AppData\Roaming\Code\User\workspaceStorage\0724a7769be9d1b50e32a88c328175df\redhat.java\jdt_ws --pipe=\\.\pipe\lsp-ea8673d9e6e1a8a22d142e0a8bd6cfde-sock
java_class_path (initial): c:\Users\Infinity Gadgets\.vscode\extensions\redhat.java-1.35.1-win32-x64\server\plugins\org.eclipse.equinox.launcher_1.6.900.v20240613-2009.jar
Launcher Type: SUN_STANDARD

[Global flags]
    uintx AdaptiveSizePolicyWeight                 = 90                                        {product} {command line}
     intx CICompilerCount                          = 4                                         {product} {ergonomic}
    uintx GCTimeRatio                              = 4                                         {product} {command line}
     bool HeapDumpOnOutOfMemoryError               = true                                   {manageable} {command line}
    ccstr HeapDumpPath                             = c:\Users\Infinity Gadgets\AppData\Roaming\Code\User\workspaceStorage\0724a7769be9d1b50e32a88c328175df\redhat.java         {manageable} {command line}
   size_t InitialHeapSize                          = 104857600                                 {product} {command line}
   size_t MaxHeapSize                              = 1073741824                                {product} {command line}
   size_t MaxNewSize                               = 357564416                                 {product} {ergonomic}
   size_t MinHeapDeltaBytes                        = 524288                                    {product} {ergonomic}
   size_t MinHeapSize                              = 104857600                                 {product} {command line}
   size_t NewSize                                  = 34603008                                  {product} {ergonomic}
    uintx NonNMethodCodeHeapSize                   = 5839372                                {pd product} {ergonomic}
    uintx NonProfiledCodeHeapSize                  = 122909434                              {pd product} {ergonomic}
   size_t OldSize                                  = 70254592                                  {product} {ergonomic}
    uintx ProfiledCodeHeapSize                     = 122909434                              {pd product} {ergonomic}
    uintx ReservedCodeCacheSize                    = 251658240                              {pd product} {ergonomic}
     bool SegmentedCodeCache                       = true                                      {product} {ergonomic}
   size_t SoftMaxHeapSize                          = 1073741824                             {manageable} {ergonomic}
     bool UseCompressedClassPointers               = true                           {product lp64_product} {ergonomic}
     bool UseCompressedOops                        = true                           {product lp64_product} {ergonomic}
     bool UseLargePagesIndividualAllocation        = false                                  {pd product} {ergonomic}
     bool UseParallelGC                            = true                                      {product} {command line}

Logging:
Log output configuration:
 #0: stdout all=off uptime,level,tags
 #1: stderr all=off uptime,level,tags

Environment Variables:
JAVA_HOME=C:\Program Files\Microsoft\jdk-17.0.10.7-hotspot\
PATH=C:\Program Files\Microsoft\jdk-17.0.10.7-hotspot\bin;C:\Program Files (x86)\Common Files\Intel\Shared Libraries\redist\intel64\compiler;C:\WINDOWS\system32;C:\WINDOWS;C:\WINDOWS\System32\Wbem;C:\WINDOWS\System32\WindowsPowerShell\v1.0\;C:\WINDOWS\System32\OpenSSH\;C:\ProgramData\chocolatey\bin;C:\Program Files\dotnet\;C:\Program Files\nodejs\;C:\Users\Infinity Gadgets\AppData\Local\Android\Sdk\platform-tools;C:\Program Files\Git\cmd;C:\Users\Infinity Gadgets\AppData\Local\Microsoft\WindowsApps;C:\Users\Infinity Gadgets\AppData\Local\Programs\Microsoft VS Code\bin;C:\src\flutter\bin;C:\Users\Infinity Gadgets\AppData\Roaming\npm;C:\Users\Infinity Gadgets\AppData\Local\GitHubDesktop\bin
USERNAME=Infinity Gadgets
OS=Windows_NT
PROCESSOR_IDENTIFIER=AMD64 Family 25 Model 80 Stepping 0, AuthenticAMD
TMP=C:\Users\INFINI~1\AppData\Local\Temp
TEMP=C:\Users\INFINI~1\AppData\Local\Temp



Periodic native trim disabled


---------------  S Y S T E M  ---------------

OS:
 Windows 11 , 64 bit Build 22621 (10.0.22621.3958)
OS uptime: 0 days 3:05 hours

CPU: total 12 (initial active 12) (12 cores per cpu, 2 threads per core) family 25 model 80 stepping 0 microcode 0x0, cx8, cmov, fxsr, ht, mmx, 3dnowpref, sse, sse2, sse3, ssse3, sse4a, sse4.1, sse4.2, popcnt, lzcnt, tsc, tscinvbit, avx, avx2, aes, clmul, bmi1, bmi2, adx, sha, fma, vzeroupper, clflush, clflushopt
Processor Information for all 12 processors :
  Max Mhz: 3901, Current Mhz: 3901, Mhz Limit: 3901

Memory: 4k page, system-wide physical 15764M (1222M free)
TotalPageFile size 23956M (AvailPageFile size 613M)
current process WorkingSet (physical memory assigned to process): 112M, peak: 112M
current process commit charge ("private bytes"): 226M, peak: 226M

vm_info: OpenJDK 64-Bit Server VM (17.0.12+7) for windows-amd64 JRE (17.0.12+7), built on Jul 16 2024 22:08:24 by "admin" with MS VC++ 16.10 / 16.11 (VS2019)

END.
